This file contains any messages produced by compilers while
running configure, to aid debugging if configure makes a mistake.

It was created by pixman configure 0.34.0, which was
generated by GNU Autoconf 2.69.  Invocation command line was

  $ ./configure --host=mipsel-linux --prefix=/home/anonymous/Documents/Dev/mkxp/pixman-gcw

## --------- ##
## Platform. ##
## --------- ##

hostname = anonymous
uname -m = x86_64
uname -r = 4.5.3-gnu
uname -s = Linux
uname -v = #1 SMP Thu May 5 13:33:22 UTC 2016

/usr/bin/uname -p = unknown
/bin/uname -X     = unknown

/bin/arch              = unknown
/usr/bin/arch -k       = unknown
/usr/convex/getsysinfo = unknown
/usr/bin/hostinfo      = unknown
/bin/machine           = unknown
/usr/bin/oslevel       = unknown
/bin/universe          = unknown

PATH: /home/anonymous/Documents/Dev/gcw0-toolchain/usr/bin
PATH: /home/anonymous/Documents/Dev/gcw0-toolchain/usr/bin
PATH: /usr/local/sbin
PATH: /usr/local/bin
PATH: /usr/sbin
PATH: /usr/bin
PATH: /sbin
PATH: /bin
PATH: /usr/games
PATH: /usr/local/games
PATH: /home/anonymous/Documents/Dev/cpctelera-1.3/cpctelera/tools/scripts


## ----------- ##
## Core tests. ##
## ----------- ##

configure:2597: checking for a BSD-compatible install
configure:2665: result: /usr/bin/install -c
configure:2676: checking whether build environment is sane
configure:2731: result: yes
configure:2790: checking for mipsel-linux-strip
configure:2806: found /home/anonymous/Documents/Dev/gcw0-toolchain/usr/bin/mipsel-linux-strip
configure:2817: result: mipsel-linux-strip
configure:2882: checking for a thread-safe mkdir -p
configure:2921: result: /bin/mkdir -p
configure:2928: checking for gawk
configure:2944: found /home/anonymous/Documents/Dev/gcw0-toolchain/usr/bin/gawk
configure:2955: result: gawk
configure:2966: checking whether make sets $(MAKE)
configure:2988: result: yes
configure:3017: checking whether make supports nested variables
configure:3034: result: yes
configure:3173: checking whether make supports nested variables
configure:3190: result: yes
configure:3209: checking build system type
configure:3223: result: x86_64-unknown-linux-gnu
configure:3243: checking host system type
configure:3256: result: mipsel-unknown-linux-gnu
configure:3287: checking for mipsel-linux-gcc
configure:3303: found /home/anonymous/Documents/Dev/gcw0-toolchain/usr/bin/mipsel-linux-gcc
configure:3314: result: mipsel-linux-gcc
configure:3583: checking for C compiler version
configure:3592: mipsel-linux-gcc --version >&5
mipsel-linux-gcc (Buildroot 2014.05-gbb847d4) 4.9.1
Copyright (C) 2014 Free Software Foundation, Inc.
This is free software; see the source for copying conditions.  There is NO
warranty; not even for MERCHANTABILITY or FITNESS FOR A PARTICULAR PURPOSE.

configure:3603: $? = 0
configure:3592: mipsel-linux-gcc -v >&5
Using built-in specs.
COLLECT_GCC=mipsel-linux-gcc
COLLECT_LTO_WRAPPER=/home/anonymous/Documents/Dev/gcw0-toolchain/usr/bin/../libexec/gcc/mipsel-gcw0-linux-uclibc/4.9.1/lto-wrapper
Target: mipsel-gcw0-linux-uclibc
Configured with: ./configure --prefix=/opt/gcw0-toolchain/usr --sysconfdir=/opt/gcw0-toolchain/etc --enable-shared --enable-static --target=mipsel-gcw0-linux-uclibc --with-sysroot=/opt/gcw0-toolchain/usr/mipsel-gcw0-linux-uclibc/sysroot --disable-__cxa_atexit --with-gnu-ld --disable-libssp --disable-multilib --with-gmp=/opt/gcw0-toolchain/usr --with-mpfr=/opt/gcw0-toolchain/usr --enable-target-optspace --disable-libsanitizer --enable-tls --disable-libmudflap --enable-threads --with-mpc=/opt/gcw0-toolchain/usr --disable-decimal-float --with-arch=mips32r2 --with-tune=mips32r2 --with-abi=32 --with-pkgversion='Buildroot 2014.05-gbb847d4' --with-bugurl=http://bugs.buildroot.net/ --enable-languages=c,c++ --with-build-time-tools=/opt/gcw0-toolchain/usr/mipsel-gcw0-linux-uclibc/bin --disable-libgomp --enable-lto
Thread model: posix
gcc version 4.9.1 (Buildroot 2014.05-gbb847d4) 
configure:3603: $? = 0
configure:3592: mipsel-linux-gcc -V >&5
mipsel-linux-gcc: error: unrecognized command line option '-V'
mipsel-linux-gcc: fatal error: no input files
compilation terminated.
configure:3603: $? = 1
configure:3592: mipsel-linux-gcc -qversion >&5
mipsel-linux-gcc: error: unrecognized command line option '-qversion'
mipsel-linux-gcc: fatal error: no input files
compilation terminated.
configure:3603: $? = 1
configure:3623: checking whether the C compiler works
configure:3645: mipsel-linux-gcc    conftest.c  >&5
configure:3649: $? = 0
configure:3697: result: yes
configure:3700: checking for C compiler default output file name
configure:3702: result: a.out
configure:3708: checking for suffix of executables
configure:3715: mipsel-linux-gcc -o conftest    conftest.c  >&5
configure:3719: $? = 0
configure:3741: result: 
configure:3763: checking whether we are cross compiling
configure:3771: mipsel-linux-gcc -o conftest    conftest.c  >&5
configure:3775: $? = 0
configure:3782: ./conftest
/lib/ld-uClibc.so.0: No such file or directory
configure:3786: $? = 255
configure:3801: result: yes
configure:3806: checking for suffix of object files
configure:3828: mipsel-linux-gcc -c   conftest.c >&5
configure:3832: $? = 0
configure:3853: result: o
configure:3857: checking whether we are using the GNU C compiler
configure:3876: mipsel-linux-gcc -c   conftest.c >&5
configure:3876: $? = 0
configure:3885: result: yes
configure:3894: checking whether mipsel-linux-gcc accepts -g
configure:3914: mipsel-linux-gcc -c -g  conftest.c >&5
configure:3914: $? = 0
configure:3955: result: yes
configure:3972: checking for mipsel-linux-gcc option to accept ISO C89
configure:4035: mipsel-linux-gcc  -c -g -O2  conftest.c >&5
configure:4035: $? = 0
configure:4048: result: none needed
configure:4073: checking whether mipsel-linux-gcc understands -c and -o together
configure:4095: mipsel-linux-gcc -c conftest.c -o conftest2.o
configure:4098: $? = 0
configure:4095: mipsel-linux-gcc -c conftest.c -o conftest2.o
configure:4098: $? = 0
configure:4110: result: yes
configure:4138: checking for style of include used by make
configure:4166: result: GNU
configure:4192: checking dependency style of mipsel-linux-gcc
configure:4303: result: gcc3
configure:4327: checking dependency style of mipsel-linux-gcc
configure:4436: result: gcc3
configure:4497: checking how to print strings
configure:4524: result: printf
configure:4545: checking for a sed that does not truncate output
configure:4609: result: /bin/sed
configure:4627: checking for grep that handles long lines and -e
configure:4685: result: /bin/grep
configure:4690: checking for egrep
configure:4752: result: /bin/grep -E
configure:4757: checking for fgrep
configure:4819: result: /bin/grep -F
configure:4854: checking for ld used by mipsel-linux-gcc
configure:4921: result: /home/anonymous/Documents/Dev/gcw0-toolchain/usr/mipsel-gcw0-linux-uclibc/bin/ld
configure:4928: checking if the linker (/home/anonymous/Documents/Dev/gcw0-toolchain/usr/mipsel-gcw0-linux-uclibc/bin/ld) is GNU ld
configure:4943: result: yes
configure:4955: checking for BSD- or MS-compatible name lister (nm)
configure:5009: result: /home/anonymous/Documents/Dev/gcw0-toolchain/usr/bin/mipsel-linux-nm -B
configure:5139: checking the name lister (/home/anonymous/Documents/Dev/gcw0-toolchain/usr/bin/mipsel-linux-nm -B) interface
configure:5146: mipsel-linux-gcc -c -g -O2  conftest.c >&5
configure:5149: /home/anonymous/Documents/Dev/gcw0-toolchain/usr/bin/mipsel-linux-nm -B "conftest.o"
configure:5152: output
00000000 B some_variable
configure:5159: result: BSD nm
configure:5162: checking whether ln -s works
configure:5166: result: yes
configure:5174: checking the maximum length of command line arguments
configure:5305: result: 1572864
configure:5353: checking how to convert x86_64-unknown-linux-gnu file names to mipsel-unknown-linux-gnu format
configure:5393: result: func_convert_file_noop
configure:5400: checking how to convert x86_64-unknown-linux-gnu file names to toolchain format
configure:5420: result: func_convert_file_noop
configure:5427: checking for /home/anonymous/Documents/Dev/gcw0-toolchain/usr/mipsel-gcw0-linux-uclibc/bin/ld option to reload object files
configure:5434: result: -r
configure:5468: checking for mipsel-linux-objdump
configure:5484: found /home/anonymous/Documents/Dev/gcw0-toolchain/usr/bin/mipsel-linux-objdump
configure:5495: result: mipsel-linux-objdump
configure:5567: checking how to recognize dependent libraries
configure:5767: result: pass_all
configure:5812: checking for mipsel-linux-dlltool
configure:5842: result: no
configure:5852: checking for dlltool
configure:5882: result: no
configure:5912: checking how to associate runtime and link libraries
configure:5939: result: printf %s\n
configure:5956: checking for mipsel-linux-ar
configure:5972: found /home/anonymous/Documents/Dev/gcw0-toolchain/usr/bin/mipsel-linux-ar
configure:5983: result: mipsel-linux-ar
configure:6064: checking for archiver @FILE support
configure:6081: mipsel-linux-gcc -c -g -O2  conftest.c >&5
configure:6081: $? = 0
configure:6084: mipsel-linux-ar cru libconftest.a @conftest.lst >&5
configure:6087: $? = 0
configure:6092: mipsel-linux-ar cru libconftest.a @conftest.lst >&5
mipsel-linux-ar: conftest.o: No such file or directory
configure:6095: $? = 1
configure:6107: result: @
configure:6125: checking for mipsel-linux-strip
configure:6152: result: mipsel-linux-strip
configure:6224: checking for mipsel-linux-ranlib
configure:6240: found /home/anonymous/Documents/Dev/gcw0-toolchain/usr/bin/mipsel-linux-ranlib
configure:6251: result: mipsel-linux-ranlib
configure:6393: checking command to parse /home/anonymous/Documents/Dev/gcw0-toolchain/usr/bin/mipsel-linux-nm -B output from mipsel-linux-gcc object
configure:6546: mipsel-linux-gcc -c -g -O2  conftest.c >&5
configure:6549: $? = 0
configure:6553: /home/anonymous/Documents/Dev/gcw0-toolchain/usr/bin/mipsel-linux-nm -B conftest.o \| sed -n -e 's/^.*[ ]\([ABCDGIRSTW][ABCDGIRSTW]*\)[ ][ ]*\([_A-Za-z][_A-Za-z0-9]*\)$/\1 \2 \2/p' | sed '/ __gnu_lto/d' \> conftest.nm
configure:6556: $? = 0
configure:6622: mipsel-linux-gcc -o conftest -g -O2   conftest.c conftstm.o >&5
configure:6625: $? = 0
configure:6663: result: ok
configure:6710: checking for sysroot
configure:6740: result: no
configure:6747: checking for a working dd
configure:6785: result: /bin/dd
configure:6789: checking how to truncate binary pipes
configure:6804: result: /bin/dd bs=4096 count=1
configure:7093: checking for mipsel-linux-mt
configure:7123: result: no
configure:7133: checking for mt
configure:7149: found /bin/mt
configure:7160: result: mt
configure:7172: WARNING: using cross tools not prefixed with host triplet
configure:7183: checking if mt is a manifest tool
configure:7189: mt '-?'
configure:7197: result: no
configure:7874: checking how to run the C preprocessor
configure:7905: mipsel-linux-gcc -E  conftest.c
configure:7905: $? = 0
configure:7919: mipsel-linux-gcc -E  conftest.c
conftest.c:11:28: fatal error: ac_nonexistent.h: No such file or directory
 #include <ac_nonexistent.h>
                            ^
compilation terminated.
configure:7919: $? = 1
configure: failed program was:
| /* confdefs.h */
| #define PACKAGE_NAME "pixman"
| #define PACKAGE_TARNAME "pixman"
| #define PACKAGE_VERSION "0.34.0"
| #define PACKAGE_STRING "pixman 0.34.0"
| #define PACKAGE_BUGREPORT "pixman@lists.freedesktop.org"
| #define PACKAGE_URL ""
| #define PACKAGE "pixman"
| #define VERSION "0.34.0"
| /* end confdefs.h.  */
| #include <ac_nonexistent.h>
configure:7944: result: mipsel-linux-gcc -E
configure:7964: mipsel-linux-gcc -E  conftest.c
configure:7964: $? = 0
configure:7978: mipsel-linux-gcc -E  conftest.c
conftest.c:11:28: fatal error: ac_nonexistent.h: No such file or directory
 #include <ac_nonexistent.h>
                            ^
compilation terminated.
configure:7978: $? = 1
configure: failed program was:
| /* confdefs.h */
| #define PACKAGE_NAME "pixman"
| #define PACKAGE_TARNAME "pixman"
| #define PACKAGE_VERSION "0.34.0"
| #define PACKAGE_STRING "pixman 0.34.0"
| #define PACKAGE_BUGREPORT "pixman@lists.freedesktop.org"
| #define PACKAGE_URL ""
| #define PACKAGE "pixman"
| #define VERSION "0.34.0"
| /* end confdefs.h.  */
| #include <ac_nonexistent.h>
configure:8007: checking for ANSI C header files
configure:8027: mipsel-linux-gcc -c -g -O2  conftest.c >&5
configure:8027: $? = 0
configure:8111: result: yes
configure:8124: checking for sys/types.h
configure:8124: mipsel-linux-gcc -c -g -O2  conftest.c >&5
configure:8124: $? = 0
configure:8124: result: yes
configure:8124: checking for sys/stat.h
configure:8124: mipsel-linux-gcc -c -g -O2  conftest.c >&5
configure:8124: $? = 0
configure:8124: result: yes
configure:8124: checking for stdlib.h
configure:8124: mipsel-linux-gcc -c -g -O2  conftest.c >&5
configure:8124: $? = 0
configure:8124: result: yes
configure:8124: checking for string.h
configure:8124: mipsel-linux-gcc -c -g -O2  conftest.c >&5
configure:8124: $? = 0
configure:8124: result: yes
configure:8124: checking for memory.h
configure:8124: mipsel-linux-gcc -c -g -O2  conftest.c >&5
configure:8124: $? = 0
configure:8124: result: yes
configure:8124: checking for strings.h
configure:8124: mipsel-linux-gcc -c -g -O2  conftest.c >&5
configure:8124: $? = 0
configure:8124: result: yes
configure:8124: checking for inttypes.h
configure:8124: mipsel-linux-gcc -c -g -O2  conftest.c >&5
configure:8124: $? = 0
configure:8124: result: yes
configure:8124: checking for stdint.h
configure:8124: mipsel-linux-gcc -c -g -O2  conftest.c >&5
configure:8124: $? = 0
configure:8124: result: yes
configure:8124: checking for unistd.h
configure:8124: mipsel-linux-gcc -c -g -O2  conftest.c >&5
configure:8124: $? = 0
configure:8124: result: yes
configure:8138: checking for dlfcn.h
configure:8138: mipsel-linux-gcc -c -g -O2  conftest.c >&5
configure:8138: $? = 0
configure:8138: result: yes
configure:8394: checking for objdir
configure:8409: result: .libs
configure:8669: checking if mipsel-linux-gcc supports -fno-rtti -fno-exceptions
configure:8687: mipsel-linux-gcc -c -g -O2  -fno-rtti -fno-exceptions conftest.c >&5
cc1: warning: command line option '-fno-rtti' is valid for C++/ObjC++ but not for C
configure:8691: $? = 0
configure:8704: result: no
configure:9062: checking for mipsel-linux-gcc option to produce PIC
configure:9069: result: -fPIC -DPIC
configure:9077: checking if mipsel-linux-gcc PIC flag -fPIC -DPIC works
configure:9095: mipsel-linux-gcc -c -g -O2  -fPIC -DPIC -DPIC conftest.c >&5
configure:9099: $? = 0
configure:9112: result: yes
configure:9141: checking if mipsel-linux-gcc static flag -static works
configure:9169: result: yes
configure:9184: checking if mipsel-linux-gcc supports -c -o file.o
configure:9205: mipsel-linux-gcc -c -g -O2  -o out/conftest2.o conftest.c >&5
configure:9209: $? = 0
configure:9231: result: yes
configure:9239: checking if mipsel-linux-gcc supports -c -o file.o
configure:9286: result: yes
configure:9319: checking whether the mipsel-linux-gcc linker (/home/anonymous/Documents/Dev/gcw0-toolchain/usr/mipsel-gcw0-linux-uclibc/bin/ld) supports shared libraries
configure:10578: result: yes
configure:10615: checking whether -lc should be explicitly linked in
configure:10623: mipsel-linux-gcc -c -g -O2  conftest.c >&5
configure:10626: $? = 0
configure:10641: mipsel-linux-gcc -shared  -fPIC -DPIC conftest.o  -v -Wl,-soname -Wl,conftest -o conftest 2\>\&1 \| /bin/grep  -lc  \>/dev/null 2\>\&1
configure:10644: $? = 0
configure:10658: result: no
configure:10818: checking dynamic linker characteristics
configure:11399: mipsel-linux-gcc -o conftest -g -O2   -Wl,-rpath -Wl,/foo conftest.c  >&5
configure:11399: $? = 0
configure:11639: result: GNU/Linux ld.so
configure:11761: checking how to hardcode library paths into programs
configure:11786: result: immediate
configure:12334: checking whether stripping libraries is possible
configure:12339: result: yes
configure:12374: checking if libtool supports shared libraries
configure:12376: result: yes
configure:12379: checking whether to build shared libraries
configure:12404: result: yes
configure:12407: checking whether to build static libraries
configure:12411: result: yes
configure:12450: checking for getisax
configure:12450: mipsel-linux-gcc -o conftest -g -O2   conftest.c  >&5
/tmp/ccNNLjp7.o:/home/anonymous/Documents/Dev/mkxp/pixman/conftest.c:57: undefined reference to `getisax'
/tmp/ccNNLjp7.o:/home/anonymous/Documents/Dev/mkxp/pixman/conftest.c:57: undefined reference to `getisax'
collect2: error: ld returned 1 exit status
configure:12450: $? = 1
configure: failed program was:
| /* confdefs.h */
| #define PACKAGE_NAME "pixman"
| #define PACKAGE_TARNAME "pixman"
| #define PACKAGE_VERSION "0.34.0"
| #define PACKAGE_STRING "pixman 0.34.0"
| #define PACKAGE_BUGREPORT "pixman@lists.freedesktop.org"
| #define PACKAGE_URL ""
| #define PACKAGE "pixman"
| #define VERSION "0.34.0"
| #define STDC_HEADERS 1
| #define HAVE_SYS_TYPES_H 1
| #define HAVE_SYS_STAT_H 1
| #define HAVE_STDLIB_H 1
| #define HAVE_STRING_H 1
| #define HAVE_MEMORY_H 1
| #define HAVE_STRINGS_H 1
| #define HAVE_INTTYPES_H 1
| #define HAVE_STDINT_H 1
| #define HAVE_UNISTD_H 1
| #define HAVE_DLFCN_H 1
| #define LT_OBJDIR ".libs/"
| /* end confdefs.h.  */
| /* Define getisax to an innocuous variant, in case <limits.h> declares getisax.
|    For example, HP-UX 11i <limits.h> declares gettimeofday.  */
| #define getisax innocuous_getisax
| 
| /* System header to define __stub macros and hopefully few prototypes,
|     which can conflict with char getisax (); below.
|     Prefer <limits.h> to <assert.h> if __STDC__ is defined, since
|     <limits.h> exists even on freestanding compilers.  */
| 
| #ifdef __STDC__
| # include <limits.h>
| #else
| # include <assert.h>
| #endif
| 
| #undef getisax
| 
| /* Override any GCC internal prototype to avoid an error.
|    Use char because int might match the return type of a GCC
|    builtin and then its argument prototype would still apply.  */
| #ifdef __cplusplus
| extern "C"
| #endif
| char getisax ();
| /* The GNU C library defines this for functions which it implements
|     to always fail with ENOSYS.  Some functions are actually named
|     something starting with __ and the normal name is an alias.  */
| #if defined __stub_getisax || defined __stub___getisax
| choke me
| #endif
| 
| int
| main ()
| {
| return getisax ();
|   ;
|   return 0;
| }
configure:12450: result: no
configure:12459: checking whether byte ordering is bigendian
configure:12474: mipsel-linux-gcc -c -g -O2  conftest.c >&5
conftest.c:24:9: error: unknown type name 'not'
         not a universal capable compiler
         ^
conftest.c:24:15: error: expected '=', ',', ';', 'asm' or '__attribute__' before 'universal'
         not a universal capable compiler
               ^
conftest.c:24:15: error: unknown type name 'universal'
configure:12474: $? = 1
configure: failed program was:
| /* confdefs.h */
| #define PACKAGE_NAME "pixman"
| #define PACKAGE_TARNAME "pixman"
| #define PACKAGE_VERSION "0.34.0"
| #define PACKAGE_STRING "pixman 0.34.0"
| #define PACKAGE_BUGREPORT "pixman@lists.freedesktop.org"
| #define PACKAGE_URL ""
| #define PACKAGE "pixman"
| #define VERSION "0.34.0"
| #define STDC_HEADERS 1
| #define HAVE_SYS_TYPES_H 1
| #define HAVE_SYS_STAT_H 1
| #define HAVE_STDLIB_H 1
| #define HAVE_STRING_H 1
| #define HAVE_MEMORY_H 1
| #define HAVE_STRINGS_H 1
| #define HAVE_INTTYPES_H 1
| #define HAVE_STDINT_H 1
| #define HAVE_UNISTD_H 1
| #define HAVE_DLFCN_H 1
| #define LT_OBJDIR ".libs/"
| /* end confdefs.h.  */
| #ifndef __APPLE_CC__
| 	       not a universal capable compiler
| 	     #endif
| 	     typedef int dummy;
| 
configure:12519: mipsel-linux-gcc -c -g -O2  conftest.c >&5
configure:12519: $? = 0
configure:12537: mipsel-linux-gcc -c -g -O2  conftest.c >&5
conftest.c: In function 'main':
conftest.c:30:4: error: unknown type name 'not'
    not big endian
    ^
conftest.c:30:12: error: expected '=', ',', ';', 'asm' or '__attribute__' before 'endian'
    not big endian
            ^
configure:12537: $? = 1
configure: failed program was:
| /* confdefs.h */
| #define PACKAGE_NAME "pixman"
| #define PACKAGE_TARNAME "pixman"
| #define PACKAGE_VERSION "0.34.0"
| #define PACKAGE_STRING "pixman 0.34.0"
| #define PACKAGE_BUGREPORT "pixman@lists.freedesktop.org"
| #define PACKAGE_URL ""
| #define PACKAGE "pixman"
| #define VERSION "0.34.0"
| #define STDC_HEADERS 1
| #define HAVE_SYS_TYPES_H 1
| #define HAVE_SYS_STAT_H 1
| #define HAVE_STDLIB_H 1
| #define HAVE_STRING_H 1
| #define HAVE_MEMORY_H 1
| #define HAVE_STRINGS_H 1
| #define HAVE_INTTYPES_H 1
| #define HAVE_STDINT_H 1
| #define HAVE_UNISTD_H 1
| #define HAVE_DLFCN_H 1
| #define LT_OBJDIR ".libs/"
| /* end confdefs.h.  */
| #include <sys/types.h>
| 		#include <sys/param.h>
| 
| int
| main ()
| {
| #if BYTE_ORDER != BIG_ENDIAN
| 		 not big endian
| 		#endif
| 
|   ;
|   return 0;
| }
configure:12665: result: no
configure:12683: checking for inline
configure:12699: mipsel-linux-gcc -c -g -O2  conftest.c >&5
configure:12699: $? = 0
configure:12707: result: inline
configure:12731: checking whether the compiler supports -Werror
configure:12747: mipsel-linux-gcc -o conftest -g -O2 -Werror    conftest.c   >&5
configure:12747: $? = 0
configure:12770: result: yes
configure:12781: checking size of long
configure:12786: mipsel-linux-gcc -c -g -O2  conftest.c >&5
configure:12786: $? = 0
configure:12786: mipsel-linux-gcc -c -g -O2  conftest.c >&5
conftest.c: In function 'main':
conftest.c:59:12: error: size of array 'test_array' is negative
 static int test_array [1 - 2 * !(((long int) (sizeof (long))) <= 0)];
            ^
configure:12786: $? = 1
configure: failed program was:
| /* confdefs.h */
| #define PACKAGE_NAME "pixman"
| #define PACKAGE_TARNAME "pixman"
| #define PACKAGE_VERSION "0.34.0"
| #define PACKAGE_STRING "pixman 0.34.0"
| #define PACKAGE_BUGREPORT "pixman@lists.freedesktop.org"
| #define PACKAGE_URL ""
| #define PACKAGE "pixman"
| #define VERSION "0.34.0"
| #define STDC_HEADERS 1
| #define HAVE_SYS_TYPES_H 1
| #define HAVE_SYS_STAT_H 1
| #define HAVE_STDLIB_H 1
| #define HAVE_STRING_H 1
| #define HAVE_MEMORY_H 1
| #define HAVE_STRINGS_H 1
| #define HAVE_INTTYPES_H 1
| #define HAVE_STDINT_H 1
| #define HAVE_UNISTD_H 1
| #define HAVE_DLFCN_H 1
| #define LT_OBJDIR ".libs/"
| /* end confdefs.h.  */
| #include <stdio.h>
| #ifdef HAVE_SYS_TYPES_H
| # include <sys/types.h>
| #endif
| #ifdef HAVE_SYS_STAT_H
| # include <sys/stat.h>
| #endif
| #ifdef STDC_HEADERS
| # include <stdlib.h>
| # include <stddef.h>
| #else
| # ifdef HAVE_STDLIB_H
| #  include <stdlib.h>
| # endif
| #endif
| #ifdef HAVE_STRING_H
| # if !defined STDC_HEADERS && defined HAVE_MEMORY_H
| #  include <memory.h>
| # endif
| # include <string.h>
| #endif
| #ifdef HAVE_STRINGS_H
| # include <strings.h>
| #endif
| #ifdef HAVE_INTTYPES_H
| # include <inttypes.h>
| #endif
| #ifdef HAVE_STDINT_H
| # include <stdint.h>
| #endif
| #ifdef HAVE_UNISTD_H
| # include <unistd.h>
| #endif
| int
| main ()
| {
| static int test_array [1 - 2 * !(((long int) (sizeof (long))) <= 0)];
| test_array [0] = 0;
| return test_array [0];
| 
|   ;
|   return 0;
| }
configure:12786: mipsel-linux-gcc -c -g -O2  conftest.c >&5
conftest.c: In function 'main':
conftest.c:59:12: error: size of array 'test_array' is negative
 static int test_array [1 - 2 * !(((long int) (sizeof (long))) <= 1)];
            ^
configure:12786: $? = 1
configure: failed program was:
| /* confdefs.h */
| #define PACKAGE_NAME "pixman"
| #define PACKAGE_TARNAME "pixman"
| #define PACKAGE_VERSION "0.34.0"
| #define PACKAGE_STRING "pixman 0.34.0"
| #define PACKAGE_BUGREPORT "pixman@lists.freedesktop.org"
| #define PACKAGE_URL ""
| #define PACKAGE "pixman"
| #define VERSION "0.34.0"
| #define STDC_HEADERS 1
| #define HAVE_SYS_TYPES_H 1
| #define HAVE_SYS_STAT_H 1
| #define HAVE_STDLIB_H 1
| #define HAVE_STRING_H 1
| #define HAVE_MEMORY_H 1
| #define HAVE_STRINGS_H 1
| #define HAVE_INTTYPES_H 1
| #define HAVE_STDINT_H 1
| #define HAVE_UNISTD_H 1
| #define HAVE_DLFCN_H 1
| #define LT_OBJDIR ".libs/"
| /* end confdefs.h.  */
| #include <stdio.h>
| #ifdef HAVE_SYS_TYPES_H
| # include <sys/types.h>
| #endif
| #ifdef HAVE_SYS_STAT_H
| # include <sys/stat.h>
| #endif
| #ifdef STDC_HEADERS
| # include <stdlib.h>
| # include <stddef.h>
| #else
| # ifdef HAVE_STDLIB_H
| #  include <stdlib.h>
| # endif
| #endif
| #ifdef HAVE_STRING_H
| # if !defined STDC_HEADERS && defined HAVE_MEMORY_H
| #  include <memory.h>
| # endif
| # include <string.h>
| #endif
| #ifdef HAVE_STRINGS_H
| # include <strings.h>
| #endif
| #ifdef HAVE_INTTYPES_H
| # include <inttypes.h>
| #endif
| #ifdef HAVE_STDINT_H
| # include <stdint.h>
| #endif
| #ifdef HAVE_UNISTD_H
| # include <unistd.h>
| #endif
| int
| main ()
| {
| static int test_array [1 - 2 * !(((long int) (sizeof (long))) <= 1)];
| test_array [0] = 0;
| return test_array [0];
| 
|   ;
|   return 0;
| }
configure:12786: mipsel-linux-gcc -c -g -O2  conftest.c >&5
conftest.c: In function 'main':
conftest.c:59:12: error: size of array 'test_array' is negative
 static int test_array [1 - 2 * !(((long int) (sizeof (long))) <= 3)];
            ^
configure:12786: $? = 1
configure: failed program was:
| /* confdefs.h */
| #define PACKAGE_NAME "pixman"
| #define PACKAGE_TARNAME "pixman"
| #define PACKAGE_VERSION "0.34.0"
| #define PACKAGE_STRING "pixman 0.34.0"
| #define PACKAGE_BUGREPORT "pixman@lists.freedesktop.org"
| #define PACKAGE_URL ""
| #define PACKAGE "pixman"
| #define VERSION "0.34.0"
| #define STDC_HEADERS 1
| #define HAVE_SYS_TYPES_H 1
| #define HAVE_SYS_STAT_H 1
| #define HAVE_STDLIB_H 1
| #define HAVE_STRING_H 1
| #define HAVE_MEMORY_H 1
| #define HAVE_STRINGS_H 1
| #define HAVE_INTTYPES_H 1
| #define HAVE_STDINT_H 1
| #define HAVE_UNISTD_H 1
| #define HAVE_DLFCN_H 1
| #define LT_OBJDIR ".libs/"
| /* end confdefs.h.  */
| #include <stdio.h>
| #ifdef HAVE_SYS_TYPES_H
| # include <sys/types.h>
| #endif
| #ifdef HAVE_SYS_STAT_H
| # include <sys/stat.h>
| #endif
| #ifdef STDC_HEADERS
| # include <stdlib.h>
| # include <stddef.h>
| #else
| # ifdef HAVE_STDLIB_H
| #  include <stdlib.h>
| # endif
| #endif
| #ifdef HAVE_STRING_H
| # if !defined STDC_HEADERS && defined HAVE_MEMORY_H
| #  include <memory.h>
| # endif
| # include <string.h>
| #endif
| #ifdef HAVE_STRINGS_H
| # include <strings.h>
| #endif
| #ifdef HAVE_INTTYPES_H
| # include <inttypes.h>
| #endif
| #ifdef HAVE_STDINT_H
| # include <stdint.h>
| #endif
| #ifdef HAVE_UNISTD_H
| # include <unistd.h>
| #endif
| int
| main ()
| {
| static int test_array [1 - 2 * !(((long int) (sizeof (long))) <= 3)];
| test_array [0] = 0;
| return test_array [0];
| 
|   ;
|   return 0;
| }
configure:12786: mipsel-linux-gcc -c -g -O2  conftest.c >&5
configure:12786: $? = 0
configure:12786: mipsel-linux-gcc -c -g -O2  conftest.c >&5
configure:12786: $? = 0
configure:12786: mipsel-linux-gcc -c -g -O2  conftest.c >&5
configure:12786: $? = 0
configure:12800: result: 4
configure:12812: checking whether __SUNPRO_C is declared
configure:12812: mipsel-linux-gcc -c -g -O2  conftest.c >&5
conftest.c: In function 'main':
conftest.c:64:10: error: '__SUNPRO_C' undeclared (first use in this function)
   (void) __SUNPRO_C;
          ^
conftest.c:64:10: note: each undeclared identifier is reported only once for each function it appears in
configure:12812: $? = 1
configure: failed program was:
| /* confdefs.h */
| #define PACKAGE_NAME "pixman"
| #define PACKAGE_TARNAME "pixman"
| #define PACKAGE_VERSION "0.34.0"
| #define PACKAGE_STRING "pixman 0.34.0"
| #define PACKAGE_BUGREPORT "pixman@lists.freedesktop.org"
| #define PACKAGE_URL ""
| #define PACKAGE "pixman"
| #define VERSION "0.34.0"
| #define STDC_HEADERS 1
| #define HAVE_SYS_TYPES_H 1
| #define HAVE_SYS_STAT_H 1
| #define HAVE_STDLIB_H 1
| #define HAVE_STRING_H 1
| #define HAVE_MEMORY_H 1
| #define HAVE_STRINGS_H 1
| #define HAVE_INTTYPES_H 1
| #define HAVE_STDINT_H 1
| #define HAVE_UNISTD_H 1
| #define HAVE_DLFCN_H 1
| #define LT_OBJDIR ".libs/"
| #define SIZEOF_LONG 4
| /* end confdefs.h.  */
| #include <stdio.h>
| #ifdef HAVE_SYS_TYPES_H
| # include <sys/types.h>
| #endif
| #ifdef HAVE_SYS_STAT_H
| # include <sys/stat.h>
| #endif
| #ifdef STDC_HEADERS
| # include <stdlib.h>
| # include <stddef.h>
| #else
| # ifdef HAVE_STDLIB_H
| #  include <stdlib.h>
| # endif
| #endif
| #ifdef HAVE_STRING_H
| # if !defined STDC_HEADERS && defined HAVE_MEMORY_H
| #  include <memory.h>
| # endif
| # include <string.h>
| #endif
| #ifdef HAVE_STRINGS_H
| # include <strings.h>
| #endif
| #ifdef HAVE_INTTYPES_H
| # include <inttypes.h>
| #endif
| #ifdef HAVE_STDINT_H
| # include <stdint.h>
| #endif
| #ifdef HAVE_UNISTD_H
| # include <unistd.h>
| #endif
| int
| main ()
| {
| #ifndef __SUNPRO_C
| #ifdef __cplusplus
|   (void) __SUNPRO_C;
| #else
|   (void) __SUNPRO_C;
| #endif
| #endif
| 
|   ;
|   return 0;
| }
configure:12812: result: no
configure:12819: checking whether __amd64 is declared
configure:12819: mipsel-linux-gcc -c -g -O2  conftest.c >&5
conftest.c: In function 'main':
conftest.c:64:10: error: '__amd64' undeclared (first use in this function)
   (void) __amd64;
          ^
conftest.c:64:10: note: each undeclared identifier is reported only once for each function it appears in
configure:12819: $? = 1
configure: failed program was:
| /* confdefs.h */
| #define PACKAGE_NAME "pixman"
| #define PACKAGE_TARNAME "pixman"
| #define PACKAGE_VERSION "0.34.0"
| #define PACKAGE_STRING "pixman 0.34.0"
| #define PACKAGE_BUGREPORT "pixman@lists.freedesktop.org"
| #define PACKAGE_URL ""
| #define PACKAGE "pixman"
| #define VERSION "0.34.0"
| #define STDC_HEADERS 1
| #define HAVE_SYS_TYPES_H 1
| #define HAVE_SYS_STAT_H 1
| #define HAVE_STDLIB_H 1
| #define HAVE_STRING_H 1
| #define HAVE_MEMORY_H 1
| #define HAVE_STRINGS_H 1
| #define HAVE_INTTYPES_H 1
| #define HAVE_STDINT_H 1
| #define HAVE_UNISTD_H 1
| #define HAVE_DLFCN_H 1
| #define LT_OBJDIR ".libs/"
| #define SIZEOF_LONG 4
| /* end confdefs.h.  */
| #include <stdio.h>
| #ifdef HAVE_SYS_TYPES_H
| # include <sys/types.h>
| #endif
| #ifdef HAVE_SYS_STAT_H
| # include <sys/stat.h>
| #endif
| #ifdef STDC_HEADERS
| # include <stdlib.h>
| # include <stddef.h>
| #else
| # ifdef HAVE_STDLIB_H
| #  include <stdlib.h>
| # endif
| #endif
| #ifdef HAVE_STRING_H
| # if !defined STDC_HEADERS && defined HAVE_MEMORY_H
| #  include <memory.h>
| # endif
| # include <string.h>
| #endif
| #ifdef HAVE_STRINGS_H
| # include <strings.h>
| #endif
| #ifdef HAVE_INTTYPES_H
| # include <inttypes.h>
| #endif
| #ifdef HAVE_STDINT_H
| # include <stdint.h>
| #endif
| #ifdef HAVE_UNISTD_H
| # include <unistd.h>
| #endif
| int
| main ()
| {
| #ifndef __amd64
| #ifdef __cplusplus
|   (void) __amd64;
| #else
|   (void) __amd64;
| #endif
| #endif
| 
|   ;
|   return 0;
| }
configure:12819: result: no
configure:12860: checking whether the compiler supports -Wall
configure:12878: mipsel-linux-gcc -o conftest -g -O2 -Werror -Wall    conftest.c   >&5
configure:12878: $? = 0
configure:12904: result: yes
configure:12907: checking whether the compiler supports -Wdeclaration-after-statement
configure:12925: mipsel-linux-gcc -o conftest -g -O2 -Wall -Werror -Wdeclaration-after-statement    conftest.c   >&5
configure:12925: $? = 0
configure:12951: result: yes
configure:12954: checking whether the compiler supports -Wno-unused-local-typedefs
configure:12972: mipsel-linux-gcc -o conftest -g -O2 -Wall -Wdeclaration-after-statement -Werror -Wno-unused-local-typedefs    conftest.c   >&5
configure:12972: $? = 0
configure:12998: result: yes
configure:13001: checking whether the compiler supports -fno-strict-aliasing
configure:13019: mipsel-linux-gcc -o conftest -g -O2 -Wall -Wdeclaration-after-statement -Wno-unused-local-typedefs -Werror -fno-strict-aliasing    conftest.c   >&5
configure:13019: $? = 0
configure:13045: result: yes
configure:13060: checking for mipsel-linux-gcc option to support OpenMP
configure:13075: mipsel-linux-gcc -o conftest -g -O2 -Wall -Wdeclaration-after-statement -Wno-unused-local-typedefs -fno-strict-aliasing   conftest.c  >&5
conftest.c:26:2: error: unknown type name 'choke'
  choke me
  ^
conftest.c:28:17: fatal error: omp.h: No such file or directory
 #include <omp.h>
                 ^
compilation terminated.
configure:13075: $? = 1
configure: failed program was:
| /* confdefs.h */
| #define PACKAGE_NAME "pixman"
| #define PACKAGE_TARNAME "pixman"
| #define PACKAGE_VERSION "0.34.0"
| #define PACKAGE_STRING "pixman 0.34.0"
| #define PACKAGE_BUGREPORT "pixman@lists.freedesktop.org"
| #define PACKAGE_URL ""
| #define PACKAGE "pixman"
| #define VERSION "0.34.0"
| #define STDC_HEADERS 1
| #define HAVE_SYS_TYPES_H 1
| #define HAVE_SYS_STAT_H 1
| #define HAVE_STDLIB_H 1
| #define HAVE_STRING_H 1
| #define HAVE_MEMORY_H 1
| #define HAVE_STRINGS_H 1
| #define HAVE_INTTYPES_H 1
| #define HAVE_STDINT_H 1
| #define HAVE_UNISTD_H 1
| #define HAVE_DLFCN_H 1
| #define LT_OBJDIR ".libs/"
| #define SIZEOF_LONG 4
| /* end confdefs.h.  */
| 
| #ifndef _OPENMP
|  choke me
| #endif
| #include <omp.h>
| int main () { return omp_get_num_threads (); }
| 
configure:13093: mipsel-linux-gcc -o conftest -g -O2 -Wall -Wdeclaration-after-statement -Wno-unused-local-typedefs -fno-strict-aliasing -fopenmp   conftest.c  >&5
conftest.c:28:17: fatal error: omp.h: No such file or directory
 #include <omp.h>
                 ^
compilation terminated.
configure:13093: $? = 1
configure: failed program was:
| /* confdefs.h */
| #define PACKAGE_NAME "pixman"
| #define PACKAGE_TARNAME "pixman"
| #define PACKAGE_VERSION "0.34.0"
| #define PACKAGE_STRING "pixman 0.34.0"
| #define PACKAGE_BUGREPORT "pixman@lists.freedesktop.org"
| #define PACKAGE_URL ""
| #define PACKAGE "pixman"
| #define VERSION "0.34.0"
| #define STDC_HEADERS 1
| #define HAVE_SYS_TYPES_H 1
| #define HAVE_SYS_STAT_H 1
| #define HAVE_STDLIB_H 1
| #define HAVE_STRING_H 1
| #define HAVE_MEMORY_H 1
| #define HAVE_STRINGS_H 1
| #define HAVE_INTTYPES_H 1
| #define HAVE_STDINT_H 1
| #define HAVE_UNISTD_H 1
| #define HAVE_DLFCN_H 1
| #define LT_OBJDIR ".libs/"
| #define SIZEOF_LONG 4
| /* end confdefs.h.  */
| 
| #ifndef _OPENMP
|  choke me
| #endif
| #include <omp.h>
| int main () { return omp_get_num_threads (); }
| 
configure:13093: mipsel-linux-gcc -o conftest -g -O2 -Wall -Wdeclaration-after-statement -Wno-unused-local-typedefs -fno-strict-aliasing -xopenmp   conftest.c  >&5
mipsel-linux-gcc: error: language openmp not recognized
mipsel-linux-gcc: error: language openmp not recognized
configure:13093: $? = 1
configure: failed program was:
| /* confdefs.h */
| #define PACKAGE_NAME "pixman"
| #define PACKAGE_TARNAME "pixman"
| #define PACKAGE_VERSION "0.34.0"
| #define PACKAGE_STRING "pixman 0.34.0"
| #define PACKAGE_BUGREPORT "pixman@lists.freedesktop.org"
| #define PACKAGE_URL ""
| #define PACKAGE "pixman"
| #define VERSION "0.34.0"
| #define STDC_HEADERS 1
| #define HAVE_SYS_TYPES_H 1
| #define HAVE_SYS_STAT_H 1
| #define HAVE_STDLIB_H 1
| #define HAVE_STRING_H 1
| #define HAVE_MEMORY_H 1
| #define HAVE_STRINGS_H 1
| #define HAVE_INTTYPES_H 1
| #define HAVE_STDINT_H 1
| #define HAVE_UNISTD_H 1
| #define HAVE_DLFCN_H 1
| #define LT_OBJDIR ".libs/"
| #define SIZEOF_LONG 4
| /* end confdefs.h.  */
| 
| #ifndef _OPENMP
|  choke me
| #endif
| #include <omp.h>
| int main () { return omp_get_num_threads (); }
| 
configure:13093: mipsel-linux-gcc -o conftest -g -O2 -Wall -Wdeclaration-after-statement -Wno-unused-local-typedefs -fno-strict-aliasing -openmp   conftest.c  >&5
conftest.c:26:2: error: unknown type name 'choke'
  choke me
  ^
conftest.c:28:17: fatal error: omp.h: No such file or directory
 #include <omp.h>
                 ^
compilation terminated.
configure:13093: $? = 1
configure: failed program was:
| /* confdefs.h */
| #define PACKAGE_NAME "pixman"
| #define PACKAGE_TARNAME "pixman"
| #define PACKAGE_VERSION "0.34.0"
| #define PACKAGE_STRING "pixman 0.34.0"
| #define PACKAGE_BUGREPORT "pixman@lists.freedesktop.org"
| #define PACKAGE_URL ""
| #define PACKAGE "pixman"
| #define VERSION "0.34.0"
| #define STDC_HEADERS 1
| #define HAVE_SYS_TYPES_H 1
| #define HAVE_SYS_STAT_H 1
| #define HAVE_STDLIB_H 1
| #define HAVE_STRING_H 1
| #define HAVE_MEMORY_H 1
| #define HAVE_STRINGS_H 1
| #define HAVE_INTTYPES_H 1
| #define HAVE_STDINT_H 1
| #define HAVE_UNISTD_H 1
| #define HAVE_DLFCN_H 1
| #define LT_OBJDIR ".libs/"
| #define SIZEOF_LONG 4
| /* end confdefs.h.  */
| 
| #ifndef _OPENMP
|  choke me
| #endif
| #include <omp.h>
| int main () { return omp_get_num_threads (); }
| 
configure:13093: mipsel-linux-gcc -o conftest -g -O2 -Wall -Wdeclaration-after-statement -Wno-unused-local-typedefs -fno-strict-aliasing -mp   conftest.c  >&5
mipsel-linux-gcc: error: unrecognized command line option '-mp'
configure:13093: $? = 1
configure: failed program was:
| /* confdefs.h */
| #define PACKAGE_NAME "pixman"
| #define PACKAGE_TARNAME "pixman"
| #define PACKAGE_VERSION "0.34.0"
| #define PACKAGE_STRING "pixman 0.34.0"
| #define PACKAGE_BUGREPORT "pixman@lists.freedesktop.org"
| #define PACKAGE_URL ""
| #define PACKAGE "pixman"
| #define VERSION "0.34.0"
| #define STDC_HEADERS 1
| #define HAVE_SYS_TYPES_H 1
| #define HAVE_SYS_STAT_H 1
| #define HAVE_STDLIB_H 1
| #define HAVE_STRING_H 1
| #define HAVE_MEMORY_H 1
| #define HAVE_STRINGS_H 1
| #define HAVE_INTTYPES_H 1
| #define HAVE_STDINT_H 1
| #define HAVE_UNISTD_H 1
| #define HAVE_DLFCN_H 1
| #define LT_OBJDIR ".libs/"
| #define SIZEOF_LONG 4
| /* end confdefs.h.  */
| 
| #ifndef _OPENMP
|  choke me
| #endif
| #include <omp.h>
| int main () { return omp_get_num_threads (); }
| 
configure:13093: mipsel-linux-gcc -o conftest -g -O2 -Wall -Wdeclaration-after-statement -Wno-unused-local-typedefs -fno-strict-aliasing -omp   conftest.c  >&5
conftest.c:26:2: error: unknown type name 'choke'
  choke me
  ^
conftest.c:28:17: fatal error: omp.h: No such file or directory
 #include <omp.h>
                 ^
compilation terminated.
configure:13093: $? = 1
configure: failed program was:
| /* confdefs.h */
| #define PACKAGE_NAME "pixman"
| #define PACKAGE_TARNAME "pixman"
| #define PACKAGE_VERSION "0.34.0"
| #define PACKAGE_STRING "pixman 0.34.0"
| #define PACKAGE_BUGREPORT "pixman@lists.freedesktop.org"
| #define PACKAGE_URL ""
| #define PACKAGE "pixman"
| #define VERSION "0.34.0"
| #define STDC_HEADERS 1
| #define HAVE_SYS_TYPES_H 1
| #define HAVE_SYS_STAT_H 1
| #define HAVE_STDLIB_H 1
| #define HAVE_STRING_H 1
| #define HAVE_MEMORY_H 1
| #define HAVE_STRINGS_H 1
| #define HAVE_INTTYPES_H 1
| #define HAVE_STDINT_H 1
| #define HAVE_UNISTD_H 1
| #define HAVE_DLFCN_H 1
| #define LT_OBJDIR ".libs/"
| #define SIZEOF_LONG 4
| /* end confdefs.h.  */
| 
| #ifndef _OPENMP
|  choke me
| #endif
| #include <omp.h>
| int main () { return omp_get_num_threads (); }
| 
configure:13093: mipsel-linux-gcc -o conftest -g -O2 -Wall -Wdeclaration-after-statement -Wno-unused-local-typedefs -fno-strict-aliasing -qsmp=omp   conftest.c  >&5
mipsel-linux-gcc: error: unrecognized command line option '-qsmp=omp'
configure:13093: $? = 1
configure: failed program was:
| /* confdefs.h */
| #define PACKAGE_NAME "pixman"
| #define PACKAGE_TARNAME "pixman"
| #define PACKAGE_VERSION "0.34.0"
| #define PACKAGE_STRING "pixman 0.34.0"
| #define PACKAGE_BUGREPORT "pixman@lists.freedesktop.org"
| #define PACKAGE_URL ""
| #define PACKAGE "pixman"
| #define VERSION "0.34.0"
| #define STDC_HEADERS 1
| #define HAVE_SYS_TYPES_H 1
| #define HAVE_SYS_STAT_H 1
| #define HAVE_STDLIB_H 1
| #define HAVE_STRING_H 1
| #define HAVE_MEMORY_H 1
| #define HAVE_STRINGS_H 1
| #define HAVE_INTTYPES_H 1
| #define HAVE_STDINT_H 1
| #define HAVE_UNISTD_H 1
| #define HAVE_DLFCN_H 1
| #define LT_OBJDIR ".libs/"
| #define SIZEOF_LONG 4
| /* end confdefs.h.  */
| 
| #ifndef _OPENMP
|  choke me
| #endif
| #include <omp.h>
| int main () { return omp_get_num_threads (); }
| 
configure:13093: mipsel-linux-gcc -o conftest -g -O2 -Wall -Wdeclaration-after-statement -Wno-unused-local-typedefs -fno-strict-aliasing -homp   conftest.c  >&5
conftest.c:26:2: error: unknown type name 'choke'
  choke me
  ^
conftest.c:28:17: fatal error: omp.h: No such file or directory
 #include <omp.h>
                 ^
compilation terminated.
configure:13093: $? = 1
configure: failed program was:
| /* confdefs.h */
| #define PACKAGE_NAME "pixman"
| #define PACKAGE_TARNAME "pixman"
| #define PACKAGE_VERSION "0.34.0"
| #define PACKAGE_STRING "pixman 0.34.0"
| #define PACKAGE_BUGREPORT "pixman@lists.freedesktop.org"
| #define PACKAGE_URL ""
| #define PACKAGE "pixman"
| #define VERSION "0.34.0"
| #define STDC_HEADERS 1
| #define HAVE_SYS_TYPES_H 1
| #define HAVE_SYS_STAT_H 1
| #define HAVE_STDLIB_H 1
| #define HAVE_STRING_H 1
| #define HAVE_MEMORY_H 1
| #define HAVE_STRINGS_H 1
| #define HAVE_INTTYPES_H 1
| #define HAVE_STDINT_H 1
| #define HAVE_UNISTD_H 1
| #define HAVE_DLFCN_H 1
| #define LT_OBJDIR ".libs/"
| #define SIZEOF_LONG 4
| /* end confdefs.h.  */
| 
| #ifndef _OPENMP
|  choke me
| #endif
| #include <omp.h>
| int main () { return omp_get_num_threads (); }
| 
configure:13093: mipsel-linux-gcc -o conftest -g -O2 -Wall -Wdeclaration-after-statement -Wno-unused-local-typedefs -fno-strict-aliasing -Popenmp   conftest.c  >&5
mipsel-linux-gcc: error: unrecognized command line option '-Popenmp'
configure:13093: $? = 1
configure: failed program was:
| /* confdefs.h */
| #define PACKAGE_NAME "pixman"
| #define PACKAGE_TARNAME "pixman"
| #define PACKAGE_VERSION "0.34.0"
| #define PACKAGE_STRING "pixman 0.34.0"
| #define PACKAGE_BUGREPORT "pixman@lists.freedesktop.org"
| #define PACKAGE_URL ""
| #define PACKAGE "pixman"
| #define VERSION "0.34.0"
| #define STDC_HEADERS 1
| #define HAVE_SYS_TYPES_H 1
| #define HAVE_SYS_STAT_H 1
| #define HAVE_STDLIB_H 1
| #define HAVE_STRING_H 1
| #define HAVE_MEMORY_H 1
| #define HAVE_STRINGS_H 1
| #define HAVE_INTTYPES_H 1
| #define HAVE_STDINT_H 1
| #define HAVE_UNISTD_H 1
| #define HAVE_DLFCN_H 1
| #define LT_OBJDIR ".libs/"
| #define SIZEOF_LONG 4
| /* end confdefs.h.  */
| 
| #ifndef _OPENMP
|  choke me
| #endif
| #include <omp.h>
| int main () { return omp_get_num_threads (); }
| 
configure:13093: mipsel-linux-gcc -o conftest -g -O2 -Wall -Wdeclaration-after-statement -Wno-unused-local-typedefs -fno-strict-aliasing --openmp   conftest.c  >&5
conftest.c:28:17: fatal error: omp.h: No such file or directory
 #include <omp.h>
                 ^
compilation terminated.
configure:13093: $? = 1
configure: failed program was:
| /* confdefs.h */
| #define PACKAGE_NAME "pixman"
| #define PACKAGE_TARNAME "pixman"
| #define PACKAGE_VERSION "0.34.0"
| #define PACKAGE_STRING "pixman 0.34.0"
| #define PACKAGE_BUGREPORT "pixman@lists.freedesktop.org"
| #define PACKAGE_URL ""
| #define PACKAGE "pixman"
| #define VERSION "0.34.0"
| #define STDC_HEADERS 1
| #define HAVE_SYS_TYPES_H 1
| #define HAVE_SYS_STAT_H 1
| #define HAVE_STDLIB_H 1
| #define HAVE_STRING_H 1
| #define HAVE_MEMORY_H 1
| #define HAVE_STRINGS_H 1
| #define HAVE_INTTYPES_H 1
| #define HAVE_STDINT_H 1
| #define HAVE_UNISTD_H 1
| #define HAVE_DLFCN_H 1
| #define LT_OBJDIR ".libs/"
| #define SIZEOF_LONG 4
| /* end confdefs.h.  */
| 
| #ifndef _OPENMP
|  choke me
| #endif
| #include <omp.h>
| int main () { return omp_get_num_threads (); }
| 
configure:13107: result: unsupported
configure:13205: checking whether the compiler supports -fvisibility=hidden
configure:13230: mipsel-linux-gcc -o conftest -g -O2 -Wall -Wdeclaration-after-statement -Wno-unused-local-typedefs -fno-strict-aliasing -Werror -fvisibility=hidden    conftest.c   >&5
configure:13230: $? = 0
configure:13256: result: yes
configure:13260: checking whether the compiler supports -xldscope=hidden
configure:13282: mipsel-linux-gcc -o conftest -g -O2 -Wall -Wdeclaration-after-statement -Wno-unused-local-typedefs -fno-strict-aliasing -fvisibility=hidden -Werror -xldscope=hidden    conftest.c   >&5
mipsel-linux-gcc: error: language ldscope=hidden not recognized
mipsel-linux-gcc: error: language ldscope=hidden not recognized
configure:13282: $? = 1
configure: failed program was:
| /* confdefs.h */
| #define PACKAGE_NAME "pixman"
| #define PACKAGE_TARNAME "pixman"
| #define PACKAGE_VERSION "0.34.0"
| #define PACKAGE_STRING "pixman 0.34.0"
| #define PACKAGE_BUGREPORT "pixman@lists.freedesktop.org"
| #define PACKAGE_URL ""
| #define PACKAGE "pixman"
| #define VERSION "0.34.0"
| #define STDC_HEADERS 1
| #define HAVE_SYS_TYPES_H 1
| #define HAVE_SYS_STAT_H 1
| #define HAVE_STDLIB_H 1
| #define HAVE_STRING_H 1
| #define HAVE_MEMORY_H 1
| #define HAVE_STRINGS_H 1
| #define HAVE_INTTYPES_H 1
| #define HAVE_STDINT_H 1
| #define HAVE_UNISTD_H 1
| #define HAVE_DLFCN_H 1
| #define LT_OBJDIR ".libs/"
| #define SIZEOF_LONG 4
| /* end confdefs.h.  */
| #if defined(__SUNPRO_C) && (__SUNPRO_C >= 0x550)
| #else
| #error Need Sun Studio 8 for visibility
| #endif
| 
| 		 int main(int c, char **v) { (void)c; (void)v; return 0; }
| 
configure:13308: result: no
configure:13318: checking whether to use Loongson MMI assembler
configure:13343: mipsel-linux-gcc -o conftest  -march=loongson2f -g -O2 -Wall -Wdeclaration-after-statement -Wno-unused-local-typedefs -fno-strict-aliasing -fvisibility=hidden -I.   conftest.c  >&5
In file included from conftest.c:31:0:
pixman/loongson-mmintrin.h: In function '_mm_set_pi16':
pixman/loongson-mmintrin.h:213:2: warning: ISO C90 forbids mixed declarations and code [-Wdeclaration-after-statement]
  uint64_t val = ((uint64_t)__w3 << 48)
  ^
pixman/loongson-mmintrin.h: In function '_mm_set_pi32':
pixman/loongson-mmintrin.h:240:2: warning: ISO C90 forbids mixed declarations and code [-Wdeclaration-after-statement]
  uint64_t val = ((uint64_t)__i1 << 32)
  ^
conftest.c: In function 'main':
conftest.c:38:11: warning: unused variable 'c' [-Wunused-variable]
     __m64 c = _mm_srli_pi16 (a.v, b);
           ^
/home/anonymous/Documents/Dev/gcw0-toolchain/usr/bin/../lib/gcc/mipsel-gcw0-linux-uclibc/4.9.1/../../../../mipsel-gcw0-linux-uclibc/bin/ld: /tmp/cc7zeFGQ.o: linking mips:loongson_2f module with previous mips:isa32r2 modules
/home/anonymous/Documents/Dev/gcw0-toolchain/usr/bin/../lib/gcc/mipsel-gcw0-linux-uclibc/4.9.1/../../../../mipsel-gcw0-linux-uclibc/bin/ld: failed to merge target specific data of file /tmp/cc7zeFGQ.o
collect2: error: ld returned 1 exit status
configure:13343: $? = 1
configure: failed program was:
| /* confdefs.h */
| #define PACKAGE_NAME "pixman"
| #define PACKAGE_TARNAME "pixman"
| #define PACKAGE_VERSION "0.34.0"
| #define PACKAGE_STRING "pixman 0.34.0"
| #define PACKAGE_BUGREPORT "pixman@lists.freedesktop.org"
| #define PACKAGE_URL ""
| #define PACKAGE "pixman"
| #define VERSION "0.34.0"
| #define STDC_HEADERS 1
| #define HAVE_SYS_TYPES_H 1
| #define HAVE_SYS_STAT_H 1
| #define HAVE_STDLIB_H 1
| #define HAVE_STRING_H 1
| #define HAVE_MEMORY_H 1
| #define HAVE_STRINGS_H 1
| #define HAVE_INTTYPES_H 1
| #define HAVE_STDINT_H 1
| #define HAVE_UNISTD_H 1
| #define HAVE_DLFCN_H 1
| #define LT_OBJDIR ".libs/"
| #define SIZEOF_LONG 4
| /* end confdefs.h.  */
| 
| #ifndef __mips_loongson_vector_rev
| #error "Loongson Multimedia Instructions are only available on Loongson"
| #endif
| #if defined(__GNUC__) && (__GNUC__ < 4 || (__GNUC__ == 4 && __GNUC_MINOR__ < 4))
| #error "Need GCC >= 4.4 for Loongson MMI compilation"
| #endif
| #include "pixman/loongson-mmintrin.h"
| int main () {
|     union {
|         __m64 v;
|         char c[8];
|     } a = { .c = {1, 2, 3, 4, 5, 6, 7, 8} };
|     int b = 4;
|     __m64 c = _mm_srli_pi16 (a.v, b);
|     return 0;
| }
configure:13370: result: no
configure:13400: checking whether to use MMX intrinsics
configure:13442: mipsel-linux-gcc -c -mmmx -Winline -g -O2 -Wall -Wdeclaration-after-statement -Wno-unused-local-typedefs -fno-strict-aliasing -fvisibility=hidden  conftest.c >&5
mipsel-linux-gcc: error: unrecognized command line option '-mmmx'
configure:13442: $? = 1
configure: failed program was:
| /* confdefs.h */
| #define PACKAGE_NAME "pixman"
| #define PACKAGE_TARNAME "pixman"
| #define PACKAGE_VERSION "0.34.0"
| #define PACKAGE_STRING "pixman 0.34.0"
| #define PACKAGE_BUGREPORT "pixman@lists.freedesktop.org"
| #define PACKAGE_URL ""
| #define PACKAGE "pixman"
| #define VERSION "0.34.0"
| #define STDC_HEADERS 1
| #define HAVE_SYS_TYPES_H 1
| #define HAVE_SYS_STAT_H 1
| #define HAVE_STDLIB_H 1
| #define HAVE_STRING_H 1
| #define HAVE_MEMORY_H 1
| #define HAVE_STRINGS_H 1
| #define HAVE_INTTYPES_H 1
| #define HAVE_STDINT_H 1
| #define HAVE_UNISTD_H 1
| #define HAVE_DLFCN_H 1
| #define LT_OBJDIR ".libs/"
| #define SIZEOF_LONG 4
| /* end confdefs.h.  */
| 
| #if defined(__GNUC__) && (__GNUC__ < 3 || (__GNUC__ == 3 && __GNUC_MINOR__ < 4))
| #error "Need GCC >= 3.4 for MMX intrinsics"
| #endif
| #include <mmintrin.h>
| #include <stdint.h>
| 
| /* Check support for block expressions */
| #define _mm_shuffle_pi16(A, N)						    ({										__m64 ret;																	/* Some versions of clang will choke on K */ 				asm ("pshufw %2, %1, %0\n\t"						     : "=y" (ret)							     : "y" (A), "K" ((const int8_t)N)					);																		ret;								    })
| 
| int main () {
|     __m64 v = _mm_cvtsi32_si64 (1);
|     __m64 w;
| 
|     w = _mm_shuffle_pi16(v, 5);
| 
|     /* Some versions of clang will choke on this */
|     asm ("pmulhuw %1, %0\n\t"
| 	: "+y" (w)
| 	: "y" (v)
|     );
| 
|     return _mm_cvtsi64_si32 (v);
| }
configure:13468: result: no
configure:13496: checking whether to use SSE2 intrinsics
configure:13519: mipsel-linux-gcc -c -msse2 -Winline -g -O2 -Wall -Wdeclaration-after-statement -Wno-unused-local-typedefs -fno-strict-aliasing -fvisibility=hidden  conftest.c >&5
mipsel-linux-gcc: error: unrecognized command line option '-msse2'
configure:13519: $? = 1
configure: failed program was:
| /* confdefs.h */
| #define PACKAGE_NAME "pixman"
| #define PACKAGE_TARNAME "pixman"
| #define PACKAGE_VERSION "0.34.0"
| #define PACKAGE_STRING "pixman 0.34.0"
| #define PACKAGE_BUGREPORT "pixman@lists.freedesktop.org"
| #define PACKAGE_URL ""
| #define PACKAGE "pixman"
| #define VERSION "0.34.0"
| #define STDC_HEADERS 1
| #define HAVE_SYS_TYPES_H 1
| #define HAVE_SYS_STAT_H 1
| #define HAVE_STDLIB_H 1
| #define HAVE_STRING_H 1
| #define HAVE_MEMORY_H 1
| #define HAVE_STRINGS_H 1
| #define HAVE_INTTYPES_H 1
| #define HAVE_STDINT_H 1
| #define HAVE_UNISTD_H 1
| #define HAVE_DLFCN_H 1
| #define LT_OBJDIR ".libs/"
| #define SIZEOF_LONG 4
| /* end confdefs.h.  */
| 
| #if defined(__GNUC__) && (__GNUC__ < 4 || (__GNUC__ == 4 && __GNUC_MINOR__ < 2))
| #   if !defined(__amd64__) && !defined(__x86_64__)
| #      error "Need GCC >= 4.2 for SSE2 intrinsics on x86"
| #   endif
| #endif
| #include <mmintrin.h>
| #include <xmmintrin.h>
| #include <emmintrin.h>
| int param;
| int main () {
|     __m128i a = _mm_set1_epi32 (param), b = _mm_set1_epi32 (param + 1), c;
| 	c = _mm_xor_si128 (a, b);
|     return _mm_cvtsi128_si32(c);
| }
configure:13543: result: no
configure:13564: checking whether to use SSSE3 intrinsics
configure:13583: mipsel-linux-gcc -c -mssse3 -Winline -g -O2 -Wall -Wdeclaration-after-statement -Wno-unused-local-typedefs -fno-strict-aliasing -fvisibility=hidden  conftest.c >&5
mipsel-linux-gcc: error: unrecognized command line option '-mssse3'
configure:13583: $? = 1
configure: failed program was:
| /* confdefs.h */
| #define PACKAGE_NAME "pixman"
| #define PACKAGE_TARNAME "pixman"
| #define PACKAGE_VERSION "0.34.0"
| #define PACKAGE_STRING "pixman 0.34.0"
| #define PACKAGE_BUGREPORT "pixman@lists.freedesktop.org"
| #define PACKAGE_URL ""
| #define PACKAGE "pixman"
| #define VERSION "0.34.0"
| #define STDC_HEADERS 1
| #define HAVE_SYS_TYPES_H 1
| #define HAVE_SYS_STAT_H 1
| #define HAVE_STDLIB_H 1
| #define HAVE_STRING_H 1
| #define HAVE_MEMORY_H 1
| #define HAVE_STRINGS_H 1
| #define HAVE_INTTYPES_H 1
| #define HAVE_STDINT_H 1
| #define HAVE_UNISTD_H 1
| #define HAVE_DLFCN_H 1
| #define LT_OBJDIR ".libs/"
| #define SIZEOF_LONG 4
| /* end confdefs.h.  */
| 
| #include <mmintrin.h>
| #include <xmmintrin.h>
| #include <emmintrin.h>
| #include <tmmintrin.h>
| int param;
| int main () {
|     __m128i a = _mm_set1_epi32 (param), b = _mm_set1_epi32 (param + 1), c;
|     c = _mm_maddubs_epi16 (a, b);
|     return _mm_cvtsi128_si32(c);
| }
configure:13607: result: no
configure:13674: checking whether to use VMX/Altivec intrinsics
configure:13691: mipsel-linux-gcc -c -maltivec -mabi=altivec -g -O2 -Wall -Wdeclaration-after-statement -Wno-unused-local-typedefs -fno-strict-aliasing -fvisibility=hidden  conftest.c >&5
mipsel-linux-gcc: error: unrecognized argument in option '-mabi=altivec'
mipsel-linux-gcc: note: valid arguments to '-mabi=' are: 32 64 eabi n32 o64
mipsel-linux-gcc: error: unrecognized command line option '-maltivec'
configure:13691: $? = 1
configure: failed program was:
| /* confdefs.h */
| #define PACKAGE_NAME "pixman"
| #define PACKAGE_TARNAME "pixman"
| #define PACKAGE_VERSION "0.34.0"
| #define PACKAGE_STRING "pixman 0.34.0"
| #define PACKAGE_BUGREPORT "pixman@lists.freedesktop.org"
| #define PACKAGE_URL ""
| #define PACKAGE "pixman"
| #define VERSION "0.34.0"
| #define STDC_HEADERS 1
| #define HAVE_SYS_TYPES_H 1
| #define HAVE_SYS_STAT_H 1
| #define HAVE_STDLIB_H 1
| #define HAVE_STRING_H 1
| #define HAVE_MEMORY_H 1
| #define HAVE_STRINGS_H 1
| #define HAVE_INTTYPES_H 1
| #define HAVE_STDINT_H 1
| #define HAVE_UNISTD_H 1
| #define HAVE_DLFCN_H 1
| #define LT_OBJDIR ".libs/"
| #define SIZEOF_LONG 4
| /* end confdefs.h.  */
| 
| #if defined(__GNUC__) && (__GNUC__ < 3 || (__GNUC__ == 3 && __GNUC_MINOR__ < 4))
| #error "Need GCC >= 3.4 for sane altivec support"
| #endif
| #include <altivec.h>
| int main () {
|     vector unsigned int v = vec_splat_u32 (1);
|     v = vec_sub (v, v);
|     return 0;
| }
configure:13717: result: no
configure:13735: checking whether to use ARM SIMD assembler
configure:13753: mipsel-linux-gcc -c -x assembler-with-cpp -g -O2 -Wall -Wdeclaration-after-statement -Wno-unused-local-typedefs -fno-strict-aliasing -fvisibility=hidden  conftest.c >&5
conftest.c:31:2: error: #error EABI is required (to be sure that calling conventions are compatible)
 #error EABI is required (to be sure that calling conventions are compatible)
  ^
configure:13753: $? = 1
configure: failed program was:
| /* confdefs.h */
| #define PACKAGE_NAME "pixman"
| #define PACKAGE_TARNAME "pixman"
| #define PACKAGE_VERSION "0.34.0"
| #define PACKAGE_STRING "pixman 0.34.0"
| #define PACKAGE_BUGREPORT "pixman@lists.freedesktop.org"
| #define PACKAGE_URL ""
| #define PACKAGE "pixman"
| #define VERSION "0.34.0"
| #define STDC_HEADERS 1
| #define HAVE_SYS_TYPES_H 1
| #define HAVE_SYS_STAT_H 1
| #define HAVE_STDLIB_H 1
| #define HAVE_STRING_H 1
| #define HAVE_MEMORY_H 1
| #define HAVE_STRINGS_H 1
| #define HAVE_INTTYPES_H 1
| #define HAVE_STDINT_H 1
| #define HAVE_UNISTD_H 1
| #define HAVE_DLFCN_H 1
| #define LT_OBJDIR ".libs/"
| #define SIZEOF_LONG 4
| /* end confdefs.h.  */
| 
| .text
| .arch armv6
| .object_arch armv4
| .arm
| .altmacro
| #ifndef __ARM_EABI__
| #error EABI is required (to be sure that calling conventions are compatible)
| #endif
| pld [r0]
| uqadd8 r0, r0, r0
configure:13786: result: no
configure:13793: checking whether to use ARM NEON assembler
configure:13813: mipsel-linux-gcc -c -x assembler-with-cpp -g -O2 -Wall -Wdeclaration-after-statement -Wno-unused-local-typedefs -fno-strict-aliasing -fvisibility=hidden  conftest.c >&5
conftest.c:33:2: error: #error EABI is required (to be sure that calling conventions are compatible)
 #error EABI is required (to be sure that calling conventions are compatible)
  ^
configure:13813: $? = 1
configure: failed program was:
| /* confdefs.h */
| #define PACKAGE_NAME "pixman"
| #define PACKAGE_TARNAME "pixman"
| #define PACKAGE_VERSION "0.34.0"
| #define PACKAGE_STRING "pixman 0.34.0"
| #define PACKAGE_BUGREPORT "pixman@lists.freedesktop.org"
| #define PACKAGE_URL ""
| #define PACKAGE "pixman"
| #define VERSION "0.34.0"
| #define STDC_HEADERS 1
| #define HAVE_SYS_TYPES_H 1
| #define HAVE_SYS_STAT_H 1
| #define HAVE_STDLIB_H 1
| #define HAVE_STRING_H 1
| #define HAVE_MEMORY_H 1
| #define HAVE_STRINGS_H 1
| #define HAVE_INTTYPES_H 1
| #define HAVE_STDINT_H 1
| #define HAVE_UNISTD_H 1
| #define HAVE_DLFCN_H 1
| #define LT_OBJDIR ".libs/"
| #define SIZEOF_LONG 4
| /* end confdefs.h.  */
| 
| .text
| .fpu neon
| .arch armv7a
| .object_arch armv4
| .eabi_attribute 10, 0
| .arm
| .altmacro
| #ifndef __ARM_EABI__
| #error EABI is required (to be sure that calling conventions are compatible)
| #endif
| pld [r0]
| vmovn.u16 d0, q0
configure:13846: result: no
configure:13877: checking whether to use ARM IWMMXT intrinsics
configure:13903: mipsel-linux-gcc -c -g -O2 -Wall -Wdeclaration-after-statement -Wno-unused-local-typedefs -fno-strict-aliasing -fvisibility=hidden -flax-vector-conversions -Winline -march=iwmmxt2  conftest.c >&5
mipsel-linux-gcc: error: unrecognized argument in option '-march=iwmmxt2'
mipsel-linux-gcc: note: valid arguments to '-march=' are: 10000 1004kc 1004kf 1004kf1_1 1004kf2_1 10k 12000 12k 14000 14k 16000 16k 2000 20kc 24kc 24kec 24kef 24kef1_1 24kef2_1 24kefx 24kex 24kf 24kf1_1 24kf2_1 24kfx 24kx 2k 3000 34kc 34kf 34kf1_1 34kf2_1 34kfx 34kn 34kx 3900 3k 4000 4100 4111 4120 4130 4300 4400 4600 4650 4700 4k 4kc 4kec 4kem 4kep 4km 4kp 4ksc 4ksd 5000 5400 5500 5900 5k 5kc 5kf 6000 6k 7000 74kc 74kf 74kf1_1 74kf2_1 74kf3_2 74kfx 74kx 7k 8000 8k 9000 9k from-abi loongson2e loongson2f loongson3a m14k m14kc m14ke m14kec m4k mips1 mips2 mips3 mips32 mips32r2 mips4 mips64 mips64r2 native octeon octeon+ octeon2 orion r10000 r1004kc r1004kf r1004kf1_1 r1004kf2_1 r10k r12000 r12k r14000 r14k r16000 r16k r2000 r20kc r24kc r24kec r24kef r24kef1_1 r24kef2_1 r24kefx r24kex r24kf r24kf1_1 r24kf2_1 r24kfx r24kx r2k r3000 r34kc r34kf r34kf1_1 r34kf2_1 r34kfx r34kn r34kx r3900 r3k r4000 r4100 r4111 r4120 r4130 r4300 r4400 r4600 r4650 r4700 r4k r4kc r4kec r4kem r4kep r4km r4kp r4ksc r4ksd r5000 r5400 r5500 r5900 r5k r5kc r5kf r6000 r6k r7000 r74kc r74kf r74kf1_1 r74kf2_1 r74kf3_2 r74kfx r74kx r7k r8000 r8k r9000 r9k rm7000 rm7k rm9000 rm9k sb1 sb1a sr71000 sr71k vr4100 vr4111 vr4120 vr4130 vr4300 vr5000 vr5400 vr5500 vr5k xlp xlr
configure:13903: $? = 1
configure: failed program was:
| /* confdefs.h */
| #define PACKAGE_NAME "pixman"
| #define PACKAGE_TARNAME "pixman"
| #define PACKAGE_VERSION "0.34.0"
| #define PACKAGE_STRING "pixman 0.34.0"
| #define PACKAGE_BUGREPORT "pixman@lists.freedesktop.org"
| #define PACKAGE_URL ""
| #define PACKAGE "pixman"
| #define VERSION "0.34.0"
| #define STDC_HEADERS 1
| #define HAVE_SYS_TYPES_H 1
| #define HAVE_SYS_STAT_H 1
| #define HAVE_STDLIB_H 1
| #define HAVE_STRING_H 1
| #define HAVE_MEMORY_H 1
| #define HAVE_STRINGS_H 1
| #define HAVE_INTTYPES_H 1
| #define HAVE_STDINT_H 1
| #define HAVE_UNISTD_H 1
| #define HAVE_DLFCN_H 1
| #define LT_OBJDIR ".libs/"
| #define SIZEOF_LONG 4
| /* end confdefs.h.  */
| 
| #ifndef __arm__
| #error "IWMMXT is only available on ARM"
| #endif
| #ifndef __IWMMXT__
| #error "IWMMXT not enabled (with -march=iwmmxt)"
| #endif
| #if defined(__GNUC__) && (__GNUC__ < 4 || (__GNUC__ == 4 && __GNUC_MINOR__ < 8))
| #error "Need GCC >= 4.8 for IWMMXT intrinsics"
| #endif
| #include <mmintrin.h>
| int main () {
| 	union {
| 		__m64 v;
| 		char c[8];
| 	} a = { .c = {1, 2, 3, 4, 5, 6, 7, 8} };
| 	int b = 4;
| 	__m64 c = _mm_srli_si64 (a.v, b);
| }
configure:13921: result: no
configure:13938: checking whether to use MIPS DSPr2 assembler
configure:13961: mipsel-linux-gcc -c -mdspr2 -g -O2 -Wall -Wdeclaration-after-statement -Wno-unused-local-typedefs -fno-strict-aliasing -fvisibility=hidden  conftest.c >&5
configure:13961: $? = 0
configure:13994: result: yes
configure:14002: checking whether to use GNU-style inline assembler
configure:14013: mipsel-linux-gcc -c -g -O2 -Wall -Wdeclaration-after-statement -Wno-unused-local-typedefs -fno-strict-aliasing -fvisibility=hidden  conftest.c >&5
configure:14013: $? = 0
configure:14036: result: yes
configure:14102: checking for mipsel-linux-pkg-config
configure:14135: result: no
configure:14145: checking for pkg-config
configure:14163: found /home/anonymous/Documents/Dev/gcw0-toolchain/usr/bin/pkg-config
configure:14175: result: /home/anonymous/Documents/Dev/gcw0-toolchain/usr/bin/pkg-config
configure:14200: checking pkg-config is at least version 0.9.0
configure:14203: result: yes
configure:14352: checking for pixman_version_string in -lpixman-1
configure:14377: mipsel-linux-gcc -o conftest -g -O2 -Wall -Wdeclaration-after-statement -Wno-unused-local-typedefs -fno-strict-aliasing -fvisibility=hidden   conftest.c -lpixman-1   >&5
/home/anonymous/Documents/Dev/gcw0-toolchain/usr/bin/../lib/gcc/mipsel-gcw0-linux-uclibc/4.9.1/../../../../mipsel-gcw0-linux-uclibc/bin/ld: cannot find -lpixman-1
collect2: error: ld returned 1 exit status
configure:14377: $? = 1
configure: failed program was:
| /* confdefs.h */
| #define PACKAGE_NAME "pixman"
| #define PACKAGE_TARNAME "pixman"
| #define PACKAGE_VERSION "0.34.0"
| #define PACKAGE_STRING "pixman 0.34.0"
| #define PACKAGE_BUGREPORT "pixman@lists.freedesktop.org"
| #define PACKAGE_URL ""
| #define PACKAGE "pixman"
| #define VERSION "0.34.0"
| #define STDC_HEADERS 1
| #define HAVE_SYS_TYPES_H 1
| #define HAVE_SYS_STAT_H 1
| #define HAVE_STDLIB_H 1
| #define HAVE_STRING_H 1
| #define HAVE_MEMORY_H 1
| #define HAVE_STRINGS_H 1
| #define HAVE_INTTYPES_H 1
| #define HAVE_STDINT_H 1
| #define HAVE_UNISTD_H 1
| #define HAVE_DLFCN_H 1
| #define LT_OBJDIR ".libs/"
| #define SIZEOF_LONG 4
| #define USE_MIPS_DSPR2 1
| #define USE_GCC_INLINE_ASM 1
| /* end confdefs.h.  */
| 
| /* Override any GCC internal prototype to avoid an error.
|    Use char because int might match the return type of a GCC
|    builtin and then its argument prototype would still apply.  */
| #ifdef __cplusplus
| extern "C"
| #endif
| char pixman_version_string ();
| int
| main ()
| {
| return pixman_version_string ();
|   ;
|   return 0;
| }
configure:14386: result: no
configure:14483: checking for posix_memalign
configure:14483: mipsel-linux-gcc -o conftest -g -O2 -Wall -Wdeclaration-after-statement -Wno-unused-local-typedefs -fno-strict-aliasing -fvisibility=hidden   conftest.c  >&5
conftest.c:49:6: warning: conflicting types for built-in function 'posix_memalign'
 char posix_memalign ();
      ^
configure:14483: $? = 0
configure:14483: result: yes
configure:14496: checking for sigaction
configure:14496: mipsel-linux-gcc -o conftest -g -O2 -Wall -Wdeclaration-after-statement -Wno-unused-local-typedefs -fno-strict-aliasing -fvisibility=hidden   conftest.c  >&5
configure:14496: $? = 0
configure:14496: result: yes
configure:14509: checking for alarm
configure:14509: mipsel-linux-gcc -o conftest -g -O2 -Wall -Wdeclaration-after-statement -Wno-unused-local-typedefs -fno-strict-aliasing -fvisibility=hidden   conftest.c  >&5
configure:14509: $? = 0
configure:14509: result: yes
configure:14522: checking sys/mman.h usability
configure:14522: mipsel-linux-gcc -c -g -O2 -Wall -Wdeclaration-after-statement -Wno-unused-local-typedefs -fno-strict-aliasing -fvisibility=hidden  conftest.c >&5
configure:14522: $? = 0
configure:14522: result: yes
configure:14522: checking sys/mman.h presence
configure:14522: mipsel-linux-gcc -E  conftest.c
configure:14522: $? = 0
configure:14522: result: yes
configure:14522: checking for sys/mman.h
configure:14522: result: yes
configure:14531: checking for mmap
configure:14531: mipsel-linux-gcc -o conftest -g -O2 -Wall -Wdeclaration-after-statement -Wno-unused-local-typedefs -fno-strict-aliasing -fvisibility=hidden   conftest.c  >&5
configure:14531: $? = 0
configure:14531: result: yes
configure:14544: checking for mprotect
configure:14544: mipsel-linux-gcc -o conftest -g -O2 -Wall -Wdeclaration-after-statement -Wno-unused-local-typedefs -fno-strict-aliasing -fvisibility=hidden   conftest.c  >&5
configure:14544: $? = 0
configure:14544: result: yes
configure:14557: checking for getpagesize
configure:14557: mipsel-linux-gcc -o conftest -g -O2 -Wall -Wdeclaration-after-statement -Wno-unused-local-typedefs -fno-strict-aliasing -fvisibility=hidden   conftest.c  >&5
configure:14557: $? = 0
configure:14557: result: yes
configure:14570: checking fenv.h usability
configure:14570: mipsel-linux-gcc -c -g -O2 -Wall -Wdeclaration-after-statement -Wno-unused-local-typedefs -fno-strict-aliasing -fvisibility=hidden  conftest.c >&5
configure:14570: $? = 0
configure:14570: result: yes
configure:14570: checking fenv.h presence
configure:14570: mipsel-linux-gcc -E  conftest.c
configure:14570: $? = 0
configure:14570: result: yes
configure:14570: checking for fenv.h
configure:14570: result: yes
configure:14579: checking for feenableexcept in -lm
configure:14604: mipsel-linux-gcc -o conftest -g -O2 -Wall -Wdeclaration-after-statement -Wno-unused-local-typedefs -fno-strict-aliasing -fvisibility=hidden   conftest.c -lm   >&5
/tmp/ccSBxqiQ.o:/home/anonymous/Documents/Dev/mkxp/pixman/conftest.c:45: undefined reference to `feenableexcept'
/tmp/ccSBxqiQ.o:/home/anonymous/Documents/Dev/mkxp/pixman/conftest.c:45: undefined reference to `feenableexcept'
collect2: error: ld returned 1 exit status
configure:14604: $? = 1
configure: failed program was:
| /* confdefs.h */
| #define PACKAGE_NAME "pixman"
| #define PACKAGE_TARNAME "pixman"
| #define PACKAGE_VERSION "0.34.0"
| #define PACKAGE_STRING "pixman 0.34.0"
| #define PACKAGE_BUGREPORT "pixman@lists.freedesktop.org"
| #define PACKAGE_URL ""
| #define PACKAGE "pixman"
| #define VERSION "0.34.0"
| #define STDC_HEADERS 1
| #define HAVE_SYS_TYPES_H 1
| #define HAVE_SYS_STAT_H 1
| #define HAVE_STDLIB_H 1
| #define HAVE_STRING_H 1
| #define HAVE_MEMORY_H 1
| #define HAVE_STRINGS_H 1
| #define HAVE_INTTYPES_H 1
| #define HAVE_STDINT_H 1
| #define HAVE_UNISTD_H 1
| #define HAVE_DLFCN_H 1
| #define LT_OBJDIR ".libs/"
| #define SIZEOF_LONG 4
| #define USE_MIPS_DSPR2 1
| #define USE_GCC_INLINE_ASM 1
| #define HAVE_POSIX_MEMALIGN 1
| #define HAVE_SIGACTION 1
| #define HAVE_ALARM 1
| #define HAVE_SYS_MMAN_H 1
| #define HAVE_MMAP 1
| #define HAVE_MPROTECT 1
| #define HAVE_GETPAGESIZE 1
| #define HAVE_FENV_H 1
| /* end confdefs.h.  */
| 
| /* Override any GCC internal prototype to avoid an error.
|    Use char because int might match the return type of a GCC
|    builtin and then its argument prototype would still apply.  */
| #ifdef __cplusplus
| extern "C"
| #endif
| char feenableexcept ();
| int
| main ()
| {
| return feenableexcept ();
|   ;
|   return 0;
| }
configure:14613: result: no
configure:14627: checking whether FE_DIVBYZERO is declared
configure:14627: mipsel-linux-gcc -c -g -O2 -Wall -Wdeclaration-after-statement -Wno-unused-local-typedefs -fno-strict-aliasing -fvisibility=hidden  conftest.c >&5
configure:14627: $? = 0
configure:14627: result: yes
configure:14636: checking for gettimeofday
configure:14636: mipsel-linux-gcc -o conftest -g -O2 -Wall -Wdeclaration-after-statement -Wno-unused-local-typedefs -fno-strict-aliasing -fvisibility=hidden   conftest.c  >&5
configure:14636: $? = 0
configure:14636: result: yes
configure:14643: checking sys/time.h usability
configure:14643: mipsel-linux-gcc -c -g -O2 -Wall -Wdeclaration-after-statement -Wno-unused-local-typedefs -fno-strict-aliasing -fvisibility=hidden  conftest.c >&5
configure:14643: $? = 0
configure:14643: result: yes
configure:14643: checking sys/time.h presence
configure:14643: mipsel-linux-gcc -E  conftest.c
configure:14643: $? = 0
configure:14643: result: yes
configure:14643: checking for sys/time.h
configure:14643: result: yes
configure:14658: checking for library containing sqrtf
configure:14689: mipsel-linux-gcc -o conftest -g -O2 -Wall -Wdeclaration-after-statement -Wno-unused-local-typedefs -fno-strict-aliasing -fvisibility=hidden   conftest.c  >&5
conftest.c:43:6: warning: conflicting types for built-in function 'sqrtf'
 char sqrtf ();
      ^
/tmp/ccwAcIr1.o:/home/anonymous/Documents/Dev/mkxp/pixman/conftest.c:47: undefined reference to `sqrtf'
/tmp/ccwAcIr1.o:/home/anonymous/Documents/Dev/mkxp/pixman/conftest.c:47: undefined reference to `sqrtf'
collect2: error: ld returned 1 exit status
configure:14689: $? = 1
configure: failed program was:
| /* confdefs.h */
| #define PACKAGE_NAME "pixman"
| #define PACKAGE_TARNAME "pixman"
| #define PACKAGE_VERSION "0.34.0"
| #define PACKAGE_STRING "pixman 0.34.0"
| #define PACKAGE_BUGREPORT "pixman@lists.freedesktop.org"
| #define PACKAGE_URL ""
| #define PACKAGE "pixman"
| #define VERSION "0.34.0"
| #define STDC_HEADERS 1
| #define HAVE_SYS_TYPES_H 1
| #define HAVE_SYS_STAT_H 1
| #define HAVE_STDLIB_H 1
| #define HAVE_STRING_H 1
| #define HAVE_MEMORY_H 1
| #define HAVE_STRINGS_H 1
| #define HAVE_INTTYPES_H 1
| #define HAVE_STDINT_H 1
| #define HAVE_UNISTD_H 1
| #define HAVE_DLFCN_H 1
| #define LT_OBJDIR ".libs/"
| #define SIZEOF_LONG 4
| #define USE_MIPS_DSPR2 1
| #define USE_GCC_INLINE_ASM 1
| #define HAVE_POSIX_MEMALIGN 1
| #define HAVE_SIGACTION 1
| #define HAVE_ALARM 1
| #define HAVE_SYS_MMAN_H 1
| #define HAVE_MMAP 1
| #define HAVE_MPROTECT 1
| #define HAVE_GETPAGESIZE 1
| #define HAVE_FENV_H 1
| #define HAVE_FEDIVBYZERO 1
| #define HAVE_GETTIMEOFDAY 1
| /* end confdefs.h.  */
| 
| /* Override any GCC internal prototype to avoid an error.
|    Use char because int might match the return type of a GCC
|    builtin and then its argument prototype would still apply.  */
| #ifdef __cplusplus
| extern "C"
| #endif
| char sqrtf ();
| int
| main ()
| {
| return sqrtf ();
|   ;
|   return 0;
| }
configure:14689: mipsel-linux-gcc -o conftest -g -O2 -Wall -Wdeclaration-after-statement -Wno-unused-local-typedefs -fno-strict-aliasing -fvisibility=hidden   conftest.c -lm   >&5
conftest.c:43:6: warning: conflicting types for built-in function 'sqrtf'
 char sqrtf ();
      ^
configure:14689: $? = 0
configure:14706: result: -lm
configure:14720: checking for thread local storage (TLS) support
configure:14748: mipsel-linux-gcc -c -g -O2 -Wall -Wdeclaration-after-statement -Wno-unused-local-typedefs -fno-strict-aliasing -fvisibility=hidden  conftest.c >&5
configure:14748: $? = 0
configure:14756: result: __thread
configure:14774: checking for pthreads
configure:14824: mipsel-linux-gcc -o conftest -g -O2 -Wall -Wdeclaration-after-statement -Wno-unused-local-typedefs -fno-strict-aliasing -fvisibility=hidden -pthread   -pthread conftest.c -lm   >&5
configure:14824: $? = 0
configure:15012: result: yes
configure:15024: checking for __attribute__((constructor))
configure:15041: mipsel-linux-gcc -o conftest -g -O2 -Wall -Wdeclaration-after-statement -Wno-unused-local-typedefs -fno-strict-aliasing -fvisibility=hidden   conftest.c -lm  >&5
configure:15041: $? = 0
configure:15053: result: yes
configure:15060: checking for __float128
configure:15068: mipsel-linux-gcc -o conftest -g -O2 -Wall -Wdeclaration-after-statement -Wno-unused-local-typedefs -fno-strict-aliasing -fvisibility=hidden   conftest.c -lm  >&5
conftest.c:40:1: error: unknown type name '__float128'
 __float128 a = 1.0Q, b = 2.0Q; int main (void) { return a + b; }
 ^
conftest.c:40:1: error: unsupported non-standard suffix on floating constant
conftest.c:40:1: error: unsupported non-standard suffix on floating constant
configure:15068: $? = 1
configure: failed program was:
| /* confdefs.h */
| #define PACKAGE_NAME "pixman"
| #define PACKAGE_TARNAME "pixman"
| #define PACKAGE_VERSION "0.34.0"
| #define PACKAGE_STRING "pixman 0.34.0"
| #define PACKAGE_BUGREPORT "pixman@lists.freedesktop.org"
| #define PACKAGE_URL ""
| #define PACKAGE "pixman"
| #define VERSION "0.34.0"
| #define STDC_HEADERS 1
| #define HAVE_SYS_TYPES_H 1
| #define HAVE_SYS_STAT_H 1
| #define HAVE_STDLIB_H 1
| #define HAVE_STRING_H 1
| #define HAVE_MEMORY_H 1
| #define HAVE_STRINGS_H 1
| #define HAVE_INTTYPES_H 1
| #define HAVE_STDINT_H 1
| #define HAVE_UNISTD_H 1
| #define HAVE_DLFCN_H 1
| #define LT_OBJDIR ".libs/"
| #define SIZEOF_LONG 4
| #define USE_MIPS_DSPR2 1
| #define USE_GCC_INLINE_ASM 1
| #define HAVE_POSIX_MEMALIGN 1
| #define HAVE_SIGACTION 1
| #define HAVE_ALARM 1
| #define HAVE_SYS_MMAN_H 1
| #define HAVE_MMAP 1
| #define HAVE_MPROTECT 1
| #define HAVE_GETPAGESIZE 1
| #define HAVE_FENV_H 1
| #define HAVE_FEDIVBYZERO 1
| #define HAVE_GETTIMEOFDAY 1
| #define TLS __thread
| #define HAVE_PTHREADS /**/
| #define TOOLCHAIN_SUPPORTS_ATTRIBUTE_CONSTRUCTOR /**/
| /* end confdefs.h.  */
| 
| __float128 a = 1.0Q, b = 2.0Q; int main (void) { return a + b; }
| 
configure:15080: result: no
configure:15086: checking for __builtin_clz
configure:15094: mipsel-linux-gcc -o conftest -g -O2 -Wall -Wdeclaration-after-statement -Wno-unused-local-typedefs -fno-strict-aliasing -fvisibility=hidden   conftest.c -lm  >&5
configure:15094: $? = 0
configure:15106: result: yes
configure:15112: checking for GCC vector extensions
configure:15121: mipsel-linux-gcc -o conftest -g -O2 -Wall -Wdeclaration-after-statement -Wno-unused-local-typedefs -fno-strict-aliasing -fvisibility=hidden   conftest.c -lm  >&5
configure:15121: $? = 0
configure:15133: result: yes
configure:15240: checking for PNG
configure:15247: $PKG_CONFIG --exists --print-errors "libpng"
configure:15250: $? = 0
configure:15264: $PKG_CONFIG --exists --print-errors "libpng"
configure:15267: $? = 0
configure:15305: result: yes
configure:15430: checking that generated files are newer than configure
configure:15436: result: done
configure:15508: creating ./config.status

## ---------------------- ##
## Running config.status. ##
## ---------------------- ##

This file was extended by pixman config.status 0.34.0, which was
generated by GNU Autoconf 2.69.  Invocation command line was

  CONFIG_FILES    = 
  CONFIG_HEADERS  = 
  CONFIG_LINKS    = 
  CONFIG_COMMANDS = 
  $ ./config.status 

on anonymous

config.status:1164: creating pixman-1.pc
config.status:1164: creating pixman-1-uninstalled.pc
config.status:1164: creating Makefile
config.status:1164: creating pixman/Makefile
config.status:1164: creating pixman/pixman-version.h
config.status:1164: creating demos/Makefile
config.status:1164: creating test/Makefile
config.status:1164: creating config.h
config.status:1345: config.h is unchanged
config.status:1393: executing depfiles commands
config.status:1393: executing libtool commands

## ---------------- ##
## Cache variables. ##
## ---------------- ##

ac_cv_build=x86_64-unknown-linux-gnu
ac_cv_c_bigendian=no
ac_cv_c_compiler_gnu=yes
ac_cv_c_inline=inline
ac_cv_env_CCASFLAGS_set=
ac_cv_env_CCASFLAGS_value=
ac_cv_env_CCAS_set=
ac_cv_env_CCAS_value=
ac_cv_env_CC_set=
ac_cv_env_CC_value=
ac_cv_env_CFLAGS_set=
ac_cv_env_CFLAGS_value=
ac_cv_env_CPPFLAGS_set=
ac_cv_env_CPPFLAGS_value=
ac_cv_env_CPP_set=
ac_cv_env_CPP_value=
ac_cv_env_GTK_CFLAGS_set=
ac_cv_env_GTK_CFLAGS_value=
ac_cv_env_GTK_LIBS_set=
ac_cv_env_GTK_LIBS_value=
ac_cv_env_LDFLAGS_set=
ac_cv_env_LDFLAGS_value=
ac_cv_env_LIBS_set=
ac_cv_env_LIBS_value=
ac_cv_env_LT_SYS_LIBRARY_PATH_set=
ac_cv_env_LT_SYS_LIBRARY_PATH_value=
ac_cv_env_PKG_CONFIG_LIBDIR_set=
ac_cv_env_PKG_CONFIG_LIBDIR_value=
ac_cv_env_PKG_CONFIG_PATH_set=
ac_cv_env_PKG_CONFIG_PATH_value=
ac_cv_env_PKG_CONFIG_set=
ac_cv_env_PKG_CONFIG_value=
ac_cv_env_PNG_CFLAGS_set=
ac_cv_env_PNG_CFLAGS_value=
ac_cv_env_PNG_LIBS_set=
ac_cv_env_PNG_LIBS_value=
ac_cv_env_build_alias_set=
ac_cv_env_build_alias_value=
ac_cv_env_host_alias_set=set
ac_cv_env_host_alias_value=mipsel-linux
ac_cv_env_target_alias_set=
ac_cv_env_target_alias_value=
ac_cv_func_alarm=yes
ac_cv_func_getisax=no
ac_cv_func_getpagesize=yes
ac_cv_func_gettimeofday=yes
ac_cv_func_mmap=yes
ac_cv_func_mprotect=yes
ac_cv_func_posix_memalign=yes
ac_cv_func_sigaction=yes
ac_cv_have_decl_FE_DIVBYZERO=yes
ac_cv_have_decl___SUNPRO_C=no
ac_cv_have_decl___amd64=no
ac_cv_header_dlfcn_h=yes
ac_cv_header_fenv_h=yes
ac_cv_header_inttypes_h=yes
ac_cv_header_memory_h=yes
ac_cv_header_stdc=yes
ac_cv_header_stdint_h=yes
ac_cv_header_stdlib_h=yes
ac_cv_header_string_h=yes
ac_cv_header_strings_h=yes
ac_cv_header_sys_mman_h=yes
ac_cv_header_sys_stat_h=yes
ac_cv_header_sys_time_h=yes
ac_cv_header_sys_types_h=yes
ac_cv_header_unistd_h=yes
ac_cv_host=mipsel-unknown-linux-gnu
ac_cv_lib_m_feenableexcept=no
ac_cv_lib_pixman_1_pixman_version_string=no
ac_cv_objext=o
ac_cv_path_EGREP='/bin/grep -E'
ac_cv_path_FGREP='/bin/grep -F'
ac_cv_path_GREP=/bin/grep
ac_cv_path_SED=/bin/sed
ac_cv_path_ac_pt_PKG_CONFIG=/home/anonymous/Documents/Dev/gcw0-toolchain/usr/bin/pkg-config
ac_cv_path_install='/usr/bin/install -c'
ac_cv_path_lt_DD=/bin/dd
ac_cv_path_mkdir=/bin/mkdir
ac_cv_prog_AR=mipsel-linux-ar
ac_cv_prog_AWK=gawk
ac_cv_prog_CC=mipsel-linux-gcc
ac_cv_prog_CPP='mipsel-linux-gcc -E'
ac_cv_prog_OBJDUMP=mipsel-linux-objdump
ac_cv_prog_RANLIB=mipsel-linux-ranlib
ac_cv_prog_STRIP=mipsel-linux-strip
ac_cv_prog_ac_ct_MANIFEST_TOOL=mt
ac_cv_prog_c_openmp=unsupported
ac_cv_prog_cc_c89=
ac_cv_prog_cc_g=yes
ac_cv_prog_make_make_set=yes
ac_cv_search_sqrtf=-lm
ac_cv_sizeof_long=4
ac_cv_tls=__thread
am_cv_CCAS_dependencies_compiler_type=gcc3
am_cv_CC_dependencies_compiler_type=gcc3
am_cv_make_support_nested_variables=yes
am_cv_prog_cc_c_o=yes
lt_cv_ar_at_file=@
lt_cv_archive_cmds_need_lc=no
lt_cv_deplibs_check_method=pass_all
lt_cv_file_magic_cmd='$MAGIC_CMD'
lt_cv_file_magic_test_file=
lt_cv_ld_reload_flag=-r
lt_cv_nm_interface='BSD nm'
lt_cv_objdir=.libs
lt_cv_path_LD=/home/anonymous/Documents/Dev/gcw0-toolchain/usr/mipsel-gcw0-linux-uclibc/bin/ld
lt_cv_path_NM='/home/anonymous/Documents/Dev/gcw0-toolchain/usr/bin/mipsel-linux-nm -B'
lt_cv_path_mainfest_tool=no
lt_cv_prog_compiler_c_o=yes
lt_cv_prog_compiler_pic='-fPIC -DPIC'
lt_cv_prog_compiler_pic_works=yes
lt_cv_prog_compiler_rtti_exceptions=no
lt_cv_prog_compiler_static_works=yes
lt_cv_prog_gnu_ld=yes
lt_cv_sharedlib_from_linklib_cmd='printf %s\n'
lt_cv_shlibpath_overrides_runpath=no
lt_cv_sys_global_symbol_pipe='sed -n -e '\''s/^.*[	 ]\([ABCDGIRSTW][ABCDGIRSTW]*\)[	 ][	 ]*\([_A-Za-z][_A-Za-z0-9]*\)$/\1 \2 \2/p'\'' | sed '\''/ __gnu_lto/d'\'''
lt_cv_sys_global_symbol_to_c_name_address='sed -n -e '\''s/^: \(.*\) .*$/  {"\1", (void *) 0},/p'\'' -e '\''s/^[ABCDGIRSTW][ABCDGIRSTW]* .* \(.*\)$/  {"\1", (void *) \&\1},/p'\'''
lt_cv_sys_global_symbol_to_c_name_address_lib_prefix='sed -n -e '\''s/^: \(.*\) .*$/  {"\1", (void *) 0},/p'\'' -e '\''s/^[ABCDGIRSTW][ABCDGIRSTW]* .* \(lib.*\)$/  {"\1", (void *) \&\1},/p'\'' -e '\''s/^[ABCDGIRSTW][ABCDGIRSTW]* .* \(.*\)$/  {"lib\1", (void *) \&\1},/p'\'''
lt_cv_sys_global_symbol_to_cdecl='sed -n -e '\''s/^T .* \(.*\)$/extern int \1();/p'\'' -e '\''s/^[ABCDGIRSTW][ABCDGIRSTW]* .* \(.*\)$/extern char \1;/p'\'''
lt_cv_sys_global_symbol_to_import=
lt_cv_sys_max_cmd_len=1572864
lt_cv_to_host_file_cmd=func_convert_file_noop
lt_cv_to_tool_file_cmd=func_convert_file_noop
lt_cv_truncate_bin='/bin/dd bs=4096 count=1'
pkg_cv_PNG_CFLAGS='-I/opt/gcw0-toolchain/usr/mipsel-gcw0-linux-uclibc/sysroot/usr/include/libpng14  '
pkg_cv_PNG_LIBS='-L/opt/gcw0-toolchain/usr/mipsel-gcw0-linux-uclibc/sysroot/usr/lib -lpng14  '

## ----------------- ##
## Output variables. ##
## ----------------- ##

ACLOCAL='${SHELL} /home/anonymous/Documents/Dev/mkxp/pixman/missing aclocal-1.15'
AMDEPBACKSLASH='\'
AMDEP_FALSE='#'
AMDEP_TRUE=''
AMTAR='$${TAR-tar}'
AM_BACKSLASH='\'
AM_DEFAULT_V='$(AM_DEFAULT_VERBOSITY)'
AM_DEFAULT_VERBOSITY='0'
AM_V='$(V)'
AR='mipsel-linux-ar'
AUTOCONF='${SHELL} /home/anonymous/Documents/Dev/mkxp/pixman/missing autoconf'
AUTOHEADER='${SHELL} /home/anonymous/Documents/Dev/mkxp/pixman/missing autoheader'
AUTOMAKE='${SHELL} /home/anonymous/Documents/Dev/mkxp/pixman/missing automake-1.15'
AWK='gawk'
CC='mipsel-linux-gcc'
CCAS='mipsel-linux-gcc'
CCASDEPMODE='depmode=gcc3'
CCASFLAGS='-g -O2'
CCDEPMODE='depmode=gcc3'
CFLAGS='-g -O2 -Wall -Wdeclaration-after-statement -Wno-unused-local-typedefs -fno-strict-aliasing -fvisibility=hidden'
CPP='mipsel-linux-gcc -E'
CPPFLAGS=''
CYGPATH_W='echo'
DEFS='-DHAVE_CONFIG_H'
DEPDIR='.deps'
DLLTOOL='false'
DSYMUTIL=''
DUMPBIN=''
ECHO_C=''
ECHO_N='-n'
ECHO_T=''
EGREP='/bin/grep -E'
EXEEXT=''
FGREP='/bin/grep -F'
GREP='/bin/grep'
GTK_CFLAGS=''
GTK_LIBS=''
HAVE_GTK_FALSE=''
HAVE_GTK_TRUE='#'
HAVE_LIBPNG=''
HAVE_PTHREADS=''
INSTALL_DATA='${INSTALL} -m 644'
INSTALL_PROGRAM='${INSTALL}'
INSTALL_SCRIPT='${INSTALL}'
INSTALL_STRIP_PROGRAM='$(install_sh) -c -s'
IWMMXT_CFLAGS=''
LD='/home/anonymous/Documents/Dev/gcw0-toolchain/usr/mipsel-gcw0-linux-uclibc/bin/ld'
LDFLAGS=''
LIBOBJS=''
LIBS='-lm '
LIBTOOL='$(SHELL) $(top_builddir)/libtool'
LIPO=''
LN_S='ln -s'
LS_CFLAGS=''
LTLIBOBJS=''
LT_SYS_LIBRARY_PATH=''
LT_VERSION_INFO='34:0:34'
MAKEINFO='${SHELL} /home/anonymous/Documents/Dev/mkxp/pixman/missing makeinfo'
MANIFEST_TOOL=':'
MKDIR_P='/bin/mkdir -p'
MMX_CFLAGS=''
MMX_LDFLAGS=''
NM='/home/anonymous/Documents/Dev/gcw0-toolchain/usr/bin/mipsel-linux-nm -B'
NMEDIT=''
OBJDUMP='mipsel-linux-objdump'
OBJEXT='o'
OPENMP_CFLAGS=''
OTOOL64=''
OTOOL=''
PACKAGE='pixman'
PACKAGE_BUGREPORT='pixman@lists.freedesktop.org'
PACKAGE_NAME='pixman'
PACKAGE_STRING='pixman 0.34.0'
PACKAGE_TARNAME='pixman'
PACKAGE_URL=''
PACKAGE_VERSION='0.34.0'
PATH_SEPARATOR=':'
PIXMAN_TIMERS=''
PIXMAN_VERSION_MAJOR='0'
PIXMAN_VERSION_MICRO='0'
PIXMAN_VERSION_MINOR='34'
PKG_CONFIG='/home/anonymous/Documents/Dev/gcw0-toolchain/usr/bin/pkg-config'
PKG_CONFIG_LIBDIR=''
PKG_CONFIG_PATH=''
PNG_CFLAGS='-I/opt/gcw0-toolchain/usr/mipsel-gcw0-linux-uclibc/sysroot/usr/include/libpng14  '
PNG_LIBS='-L/opt/gcw0-toolchain/usr/mipsel-gcw0-linux-uclibc/sysroot/usr/lib -lpng14  '
PTHREAD_CFLAGS='-g -O2 -Wall -Wdeclaration-after-statement -Wno-unused-local-typedefs -fno-strict-aliasing -fvisibility=hidden -pthread'
PTHREAD_LDFLAGS=' -pthread'
PTHREAD_LIBS='-lm  '
RANLIB='mipsel-linux-ranlib'
SED='/bin/sed'
SET_MAKE=''
SHELL='/bin/bash'
SSE2_CFLAGS='-msse2 -Winline'
SSE2_LDFLAGS=''
SSSE3_CFLAGS='-mssse3 -Winline'
STRIP='mipsel-linux-strip'
TESTPROGS_EXTRA_LDFLAGS=''
TOOLCHAIN_SUPPORTS_ATTRIBUTE_CONSTRUCTOR=''
TOOLCHAIN_SUPPORTS__THREAD=''
USE_ARM_IWMMXT_FALSE=''
USE_ARM_IWMMXT_TRUE='#'
USE_ARM_NEON_FALSE=''
USE_ARM_NEON_TRUE='#'
USE_ARM_SIMD_FALSE=''
USE_ARM_SIMD_TRUE='#'
USE_GCC_INLINE_ASM_FALSE='#'
USE_GCC_INLINE_ASM_TRUE=''
USE_LOONGSON_MMI_FALSE=''
USE_LOONGSON_MMI_TRUE='#'
USE_MIPS_DSPR2_FALSE='#'
USE_MIPS_DSPR2_TRUE=''
USE_SSE2_FALSE=''
USE_SSE2_TRUE='#'
USE_SSSE3_FALSE=''
USE_SSSE3_TRUE='#'
USE_VMX_FALSE=''
USE_VMX_TRUE='#'
USE_X86_MMX_FALSE=''
USE_X86_MMX_TRUE='#'
VERSION='0.34.0'
VMX_CFLAGS=''
ac_ct_AR=''
ac_ct_CC=''
ac_ct_DUMPBIN=''
am__EXEEXT_FALSE=''
am__EXEEXT_TRUE='#'
am__fastdepCCAS_FALSE='#'
am__fastdepCCAS_TRUE=''
am__fastdepCC_FALSE='#'
am__fastdepCC_TRUE=''
am__include='include'
am__isrc=''
am__leading_dot='.'
am__nodep='_no'
am__quote=''
am__tar='$${TAR-tar} chof - "$$tardir"'
am__untar='$${TAR-tar} xf -'
bindir='${exec_prefix}/bin'
build='x86_64-unknown-linux-gnu'
build_alias=''
build_cpu='x86_64'
build_os='linux-gnu'
build_vendor='unknown'
datadir='${datarootdir}'
datarootdir='${prefix}/share'
docdir='${datarootdir}/doc/${PACKAGE_TARNAME}'
dvidir='${docdir}'
exec_prefix='${prefix}'
host='mipsel-unknown-linux-gnu'
host_alias='mipsel-linux'
host_cpu='mipsel'
host_os='linux-gnu'
host_vendor='unknown'
htmldir='${docdir}'
includedir='${prefix}/include'
infodir='${datarootdir}/info'
install_sh='${SHELL} /home/anonymous/Documents/Dev/mkxp/pixman/install-sh'
libdir='${exec_prefix}/lib'
libexecdir='${exec_prefix}/libexec'
localedir='${datarootdir}/locale'
localstatedir='${prefix}/var'
mandir='${datarootdir}/man'
mkdir_p='$(MKDIR_P)'
oldincludedir='/usr/include'
pdfdir='${docdir}'
prefix='/home/anonymous/Documents/Dev/mkxp/pixman-gcw'
program_transform_name='s,x,x,'
psdir='${docdir}'
sbindir='${exec_prefix}/sbin'
sharedstatedir='${prefix}/com'
sysconfdir='${prefix}/etc'
target_alias=''

## ----------- ##
## confdefs.h. ##
## ----------- ##

/* confdefs.h */
#define PACKAGE_NAME "pixman"
#define PACKAGE_TARNAME "pixman"
#define PACKAGE_VERSION "0.34.0"
#define PACKAGE_STRING "pixman 0.34.0"
#define PACKAGE_BUGREPORT "pixman@lists.freedesktop.org"
#define PACKAGE_URL ""
#define PACKAGE "pixman"
#define VERSION "0.34.0"
#define STDC_HEADERS 1
#define HAVE_SYS_TYPES_H 1
#define HAVE_SYS_STAT_H 1
#define HAVE_STDLIB_H 1
#define HAVE_STRING_H 1
#define HAVE_MEMORY_H 1
#define HAVE_STRINGS_H 1
#define HAVE_INTTYPES_H 1
#define HAVE_STDINT_H 1
#define HAVE_UNISTD_H 1
#define HAVE_DLFCN_H 1
#define LT_OBJDIR ".libs/"
#define SIZEOF_LONG 4
#define USE_MIPS_DSPR2 1
#define USE_GCC_INLINE_ASM 1
#define HAVE_POSIX_MEMALIGN 1
#define HAVE_SIGACTION 1
#define HAVE_ALARM 1
#define HAVE_SYS_MMAN_H 1
#define HAVE_MMAP 1
#define HAVE_MPROTECT 1
#define HAVE_GETPAGESIZE 1
#define HAVE_FENV_H 1
#define HAVE_FEDIVBYZERO 1
#define HAVE_GETTIMEOFDAY 1
#define TLS __thread
#define HAVE_PTHREADS /**/
#define TOOLCHAIN_SUPPORTS_ATTRIBUTE_CONSTRUCTOR /**/
#define HAVE_BUILTIN_CLZ /**/
#define HAVE_GCC_VECTOR_EXTENSIONS /**/
#define HAVE_LIBPNG 1

configure: exit 0
